2019-08-12 15:05:25,292 [WARN] from application in main - Logger configuration in conf files is deprecated and has no effect. Use a logback configuration file instead.
2019-08-12 15:06:51,215 [WARN] from application in main - Logger configuration in conf files is deprecated and has no effect. Use a logback configuration file instead.
2019-08-12 15:12:25,487 [WARN] from application in main - Logger configuration in conf files is deprecated and has no effect. Use a logback configuration file instead.
2019-08-12 15:12:26,207 [INFO] from play.api.Play in main - Application started (Prod)
2019-08-12 15:12:26,311 [INFO] from play.core.server.NettyServer in main - Listening for HTTP on /0:0:0:0:0:0:0:0:9000
2019-08-12 15:13:02,189 [ERROR] from application in New I/O worker #2 - 

! @7co1d0amg - Internal server error, for (GET) [/health] ->
 
play.api.http.HttpErrorHandlerExceptions$$anon$1: Execution exception[[ConfigurationException: Guice configuration errors:

1) Could not find a suitable constructor in controllers.Application. Classes must have either one (and only one) constructor annotated with @Inject or a zero-argument constructor that is not private.
  at controllers.Application.class(Application.scala:28)
  while locating controllers.Application

1 error]]
	at play.api.http.HttpErrorHandlerExceptions$.throwableToUsefulException(HttpErrorHandler.scala:265) ~[play_2.11-2.4.6.jar:2.4.6]
	at play.api.http.DefaultHttpErrorHandler.onServerError(HttpErrorHandler.scala:191) ~[play_2.11-2.4.6.jar:2.4.6]
	at play.core.server.Server$class.logExceptionAndGetResult$1(Server.scala:50) [play-server_2.11-2.4.6.jar:2.4.6]
	at play.core.server.Server$$anonfun$getHandlerFor$4.apply(Server.scala:59) [play-server_2.11-2.4.6.jar:2.4.6]
	at play.core.server.Server$$anonfun$getHandlerFor$4.apply(Server.scala:57) [play-server_2.11-2.4.6.jar:2.4.6]
	at scala.util.Either$RightProjection.flatMap(Either.scala:522) [scala-library-2.11.8.jar:na]
	at play.core.server.Server$class.getHandlerFor(Server.scala:57) [play-server_2.11-2.4.6.jar:2.4.6]
	at play.core.server.NettyServer.getHandlerFor(NettyServer.scala:33) [play-netty-server_2.11-2.4.6.jar:2.4.6]
	at play.core.server.netty.PlayDefaultUpstreamHandler$$anonfun$8.apply(PlayDefaultUpstreamHandler.scala:132) [play-netty-server_2.11-2.4.6.jar:2.4.6]
	at play.core.server.netty.PlayDefaultUpstreamHandler$$anonfun$8.apply(PlayDefaultUpstreamHandler.scala:132) [play-netty-server_2.11-2.4.6.jar:2.4.6]
	at scala.util.Either.fold(Either.scala:99) [scala-library-2.11.8.jar:na]
	at play.core.server.netty.PlayDefaultUpstreamHandler.messageReceived(PlayDefaultUpstreamHandler.scala:120) [play-netty-server_2.11-2.4.6.jar:2.4.6]
	at org.jboss.netty.channel.SimpleChannelUpstreamHandler.handleUpstream(SimpleChannelUpstreamHandler.java:70) [netty-3.10.4.Final.jar:na]
	at org.jboss.netty.channel.DefaultChannelPipeline.sendUpstream(DefaultChannelPipeline.java:564) [netty-3.10.4.Final.jar:na]
	at org.jboss.netty.channel.DefaultChannelPipeline$DefaultChannelHandlerContext.sendUpstream(DefaultChannelPipeline.java:791) [netty-3.10.4.Final.jar:na]
	at com.typesafe.netty.http.pipelining.HttpPipeliningHandler.messageReceived(HttpPipeliningHandler.java:62) [netty-http-pipelining-1.1.4.jar:na]
	at org.jboss.netty.channel.SimpleChannelHandler.handleUpstream(SimpleChannelHandler.java:88) [netty-3.10.4.Final.jar:na]
	at org.jboss.netty.channel.DefaultChannelPipeline.sendUpstream(DefaultChannelPipeline.java:564) [netty-3.10.4.Final.jar:na]
	at org.jboss.netty.channel.DefaultChannelPipeline$DefaultChannelHandlerContext.sendUpstream(DefaultChannelPipeline.java:791) [netty-3.10.4.Final.jar:na]
	at org.jboss.netty.handler.logging.LoggingHandler.handleUpstream(LoggingHandler.java:332) [netty-3.10.4.Final.jar:na]
	at org.jboss.netty.channel.DefaultChannelPipeline.sendUpstream(DefaultChannelPipeline.java:564) [netty-3.10.4.Final.jar:na]
	at org.jboss.netty.channel.DefaultChannelPipeline$DefaultChannelHandlerContext.sendUpstream(DefaultChannelPipeline.java:791) [netty-3.10.4.Final.jar:na]
	at org.jboss.netty.handler.codec.http.HttpContentDecoder.messageReceived(HttpContentDecoder.java:108) [netty-3.10.4.Final.jar:na]
	at org.jboss.netty.channel.SimpleChannelUpstreamHandler.handleUpstream(SimpleChannelUpstreamHandler.java:70) [netty-3.10.4.Final.jar:na]
	at org.jboss.netty.channel.DefaultChannelPipeline.sendUpstream(DefaultChannelPipeline.java:564) [netty-3.10.4.Final.jar:na]
	at org.jboss.netty.channel.DefaultChannelPipeline$DefaultChannelHandlerContext.sendUpstream(DefaultChannelPipeline.java:791) [netty-3.10.4.Final.jar:na]
	at org.jboss.netty.channel.Channels.fireMessageReceived(Channels.java:296) [netty-3.10.4.Final.jar:na]
	at org.jboss.netty.handler.codec.frame.FrameDecoder.unfoldAndFireMessageReceived(FrameDecoder.java:459) [netty-3.10.4.Final.jar:na]
	at org.jboss.netty.handler.codec.replay.ReplayingDecoder.callDecode(ReplayingDecoder.java:536) [netty-3.10.4.Final.jar:na]
	at org.jboss.netty.handler.codec.replay.ReplayingDecoder.messageReceived(ReplayingDecoder.java:435) [netty-3.10.4.Final.jar:na]
	at org.jboss.netty.channel.SimpleChannelUpstreamHandler.handleUpstream(SimpleChannelUpstreamHandler.java:70) [netty-3.10.4.Final.jar:na]
	at org.jboss.netty.channel.DefaultChannelPipeline.sendUpstream(DefaultChannelPipeline.java:564) [netty-3.10.4.Final.jar:na]
	at org.jboss.netty.channel.DefaultChannelPipeline.sendUpstream(DefaultChannelPipeline.java:559) [netty-3.10.4.Final.jar:na]
	at org.jboss.netty.channel.Channels.fireMessageReceived(Channels.java:268) [netty-3.10.4.Final.jar:na]
	at org.jboss.netty.channel.Channels.fireMessageReceived(Channels.java:255) [netty-3.10.4.Final.jar:na]
	at org.jboss.netty.channel.socket.nio.NioWorker.read(NioWorker.java:88) [netty-3.10.4.Final.jar:na]
	at org.jboss.netty.channel.socket.nio.AbstractNioWorker.process(AbstractNioWorker.java:108) [netty-3.10.4.Final.jar:na]
	at org.jboss.netty.channel.socket.nio.AbstractNioSelector.run(AbstractNioSelector.java:337) [netty-3.10.4.Final.jar:na]
	at org.jboss.netty.channel.socket.nio.AbstractNioWorker.run(AbstractNioWorker.java:89) [netty-3.10.4.Final.jar:na]
	at org.jboss.netty.channel.socket.nio.NioWorker.run(NioWorker.java:178) [netty-3.10.4.Final.jar:na]
	at org.jboss.netty.util.ThreadRenamingRunnable.run(ThreadRenamingRunnable.java:108) [netty-3.10.4.Final.jar:na]
	at org.jboss.netty.util.internal.DeadLockProofWorker$1.run(DeadLockProofWorker.java:42) [netty-3.10.4.Final.jar:na]
	at java.util.concurrent.ThreadPoolExecutor.runWorker(ThreadPoolExecutor.java:1149) [na:1.8.0_202]
	at java.util.concurrent.ThreadPoolExecutor$Worker.run(ThreadPoolExecutor.java:624) [na:1.8.0_202]
	at java.lang.Thread.run(Thread.java:748) [na:1.8.0_202]
Caused by: com.google.inject.ConfigurationException: Guice configuration errors:

1) Could not find a suitable constructor in controllers.Application. Classes must have either one (and only one) constructor annotated with @Inject or a zero-argument constructor that is not private.
  at controllers.Application.class(Application.scala:28)
  while locating controllers.Application

1 error
	at com.google.inject.internal.InjectorImpl.getProvider(InjectorImpl.java:1042) ~[guice-4.0.jar:na]
	at com.google.inject.internal.InjectorImpl.getProvider(InjectorImpl.java:1001) ~[guice-4.0.jar:na]
	at com.google.inject.internal.InjectorImpl.getInstance(InjectorImpl.java:1051) ~[guice-4.0.jar:na]
	at play.api.inject.guice.GuiceInjector.instanceOf(GuiceInjectorBuilder.scala:321) ~[play_2.11-2.4.6.jar:2.4.6]
	at router.Routes$$anonfun$routes$1$$anonfun$applyOrElse$1$$anonfun$apply$3.apply(Routes.scala:71) ~[classes/:na]
	at router.Routes$$anonfun$routes$1$$anonfun$applyOrElse$1$$anonfun$apply$3.apply(Routes.scala:71) ~[classes/:na]
	at play.core.routing.HandlerInvokerFactory$$anon$12$$anon$13.call(HandlerInvoker.scala:89) ~[play_2.11-2.4.6.jar:2.4.6]
	at play.core.routing.TaggingInvoker.call(HandlerInvoker.scala:32) ~[play_2.11-2.4.6.jar:2.4.6]
	at router.Routes$$anonfun$routes$1$$anonfun$applyOrElse$1.apply(Routes.scala:71) ~[classes/:na]
	at router.Routes$$anonfun$routes$1$$anonfun$applyOrElse$1.apply(Routes.scala:71) ~[classes/:na]
	at play.core.routing.GeneratedRouter.call(GeneratedRouter.scala:95) ~[play_2.11-2.4.6.jar:2.4.6]
	at router.Routes$$anonfun$routes$1.applyOrElse(Routes.scala:70) ~[classes/:na]
	at router.Routes$$anonfun$routes$1.applyOrElse(Routes.scala:66) ~[classes/:na]
	at scala.PartialFunction$Lifted.apply(PartialFunction.scala:223) ~[scala-library-2.11.8.jar:na]
	at scala.PartialFunction$Lifted.apply(PartialFunction.scala:219) ~[scala-library-2.11.8.jar:na]
	at play.api.routing.Router$class.handlerFor(Router.scala:38) ~[play_2.11-2.4.6.jar:2.4.6]
	at play.core.routing.GeneratedRouter.handlerFor(GeneratedRouter.scala:86) ~[play_2.11-2.4.6.jar:2.4.6]
	at play.api.http.DefaultHttpRequestHandler.routeRequest(HttpRequestHandler.scala:170) ~[play_2.11-2.4.6.jar:2.4.6]
	at play.api.http.JavaCompatibleHttpRequestHandler.routeRequest(HttpRequestHandler.scala:201) ~[play_2.11-2.4.6.jar:2.4.6]
	at play.api.GlobalSettings$$anonfun$onRouteRequest$1.apply(GlobalSettings.scala:166) ~[play_2.11-2.4.6.jar:2.4.6]
	at play.api.GlobalSettings$$anonfun$onRouteRequest$1.apply(GlobalSettings.scala:165) ~[play_2.11-2.4.6.jar:2.4.6]
	at scala.Option.flatMap(Option.scala:171) ~[scala-library-2.11.8.jar:na]
	at play.api.GlobalSettings$class.onRouteRequest(GlobalSettings.scala:165) ~[play_2.11-2.4.6.jar:2.4.6]
	at play.api.DefaultGlobal$.onRouteRequest(GlobalSettings.scala:212) ~[play_2.11-2.4.6.jar:2.4.6]
	at play.api.GlobalSettings$class.onRequestReceived(GlobalSettings.scala:110) ~[play_2.11-2.4.6.jar:2.4.6]
	at play.api.DefaultGlobal$.onRequestReceived(GlobalSettings.scala:212) ~[play_2.11-2.4.6.jar:2.4.6]
	at play.api.http.GlobalSettingsHttpRequestHandler.handlerForRequest(HttpRequestHandler.scala:183) ~[play_2.11-2.4.6.jar:2.4.6]
	at play.core.server.Server$$anonfun$sendHandler$1$1.apply(Server.scala:38) ~[play-server_2.11-2.4.6.jar:2.4.6]
	at play.core.server.Server$$anonfun$sendHandler$1$1.apply(Server.scala:37) ~[play-server_2.11-2.4.6.jar:2.4.6]
	at scala.util.Success$$anonfun$map$1.apply(Try.scala:237) ~[scala-library-2.11.8.jar:na]
	at scala.util.Try$.apply(Try.scala:192) ~[scala-library-2.11.8.jar:na]
	at scala.util.Success.map(Try.scala:237) ~[scala-library-2.11.8.jar:na]
	at play.core.server.Server$class.sendHandler$1(Server.scala:37) [play-server_2.11-2.4.6.jar:2.4.6]
	at play.core.server.Server$$anonfun$getHandlerFor$4.apply(Server.scala:58) [play-server_2.11-2.4.6.jar:2.4.6]
	... 41 common frames omitted
2019-08-12 15:19:08,087 [WARN] from application in main - Logger configuration in conf files is deprecated and has no effect. Use a logback configuration file instead.
2019-08-12 15:19:09,642 [INFO] from play.api.Play in main - Application started (Prod)
2019-08-12 15:19:09,823 [INFO] from play.core.server.NettyServer in main - Listening for HTTP on /0:0:0:0:0:0:0:0:9000
2019-08-12 15:19:40,732 [ERROR] from application in New I/O worker #2 - 

! @7co1dn2b4 - Internal server error, for (GET) [/health] ->
 
play.api.http.HttpErrorHandlerExceptions$$anon$1: Execution exception[[ConfigurationException: Guice configuration errors:

1) Could not find a suitable constructor in controllers.Application. Classes must have either one (and only one) constructor annotated with @Inject or a zero-argument constructor that is not private.
  at controllers.Application.class(Application.scala:28)
  while locating controllers.Application

1 error]]
	at play.api.http.HttpErrorHandlerExceptions$.throwableToUsefulException(HttpErrorHandler.scala:265) ~[play_2.11-2.4.6.jar:2.4.6]
	at play.api.http.DefaultHttpErrorHandler.onServerError(HttpErrorHandler.scala:191) ~[play_2.11-2.4.6.jar:2.4.6]
	at play.core.server.Server$class.logExceptionAndGetResult$1(Server.scala:50) [play-server_2.11-2.4.6.jar:2.4.6]
	at play.core.server.Server$$anonfun$getHandlerFor$4.apply(Server.scala:59) [play-server_2.11-2.4.6.jar:2.4.6]
	at play.core.server.Server$$anonfun$getHandlerFor$4.apply(Server.scala:57) [play-server_2.11-2.4.6.jar:2.4.6]
	at scala.util.Either$RightProjection.flatMap(Either.scala:522) [scala-library-2.11.8.jar:na]
	at play.core.server.Server$class.getHandlerFor(Server.scala:57) [play-server_2.11-2.4.6.jar:2.4.6]
	at play.core.server.NettyServer.getHandlerFor(NettyServer.scala:33) [play-netty-server_2.11-2.4.6.jar:2.4.6]
	at play.core.server.netty.PlayDefaultUpstreamHandler$$anonfun$8.apply(PlayDefaultUpstreamHandler.scala:132) [play-netty-server_2.11-2.4.6.jar:2.4.6]
	at play.core.server.netty.PlayDefaultUpstreamHandler$$anonfun$8.apply(PlayDefaultUpstreamHandler.scala:132) [play-netty-server_2.11-2.4.6.jar:2.4.6]
	at scala.util.Either.fold(Either.scala:99) [scala-library-2.11.8.jar:na]
	at play.core.server.netty.PlayDefaultUpstreamHandler.messageReceived(PlayDefaultUpstreamHandler.scala:120) [play-netty-server_2.11-2.4.6.jar:2.4.6]
	at org.jboss.netty.channel.SimpleChannelUpstreamHandler.handleUpstream(SimpleChannelUpstreamHandler.java:70) [netty-3.10.4.Final.jar:na]
	at org.jboss.netty.channel.DefaultChannelPipeline.sendUpstream(DefaultChannelPipeline.java:564) [netty-3.10.4.Final.jar:na]
	at org.jboss.netty.channel.DefaultChannelPipeline$DefaultChannelHandlerContext.sendUpstream(DefaultChannelPipeline.java:791) [netty-3.10.4.Final.jar:na]
	at com.typesafe.netty.http.pipelining.HttpPipeliningHandler.messageReceived(HttpPipeliningHandler.java:62) [netty-http-pipelining-1.1.4.jar:na]
	at org.jboss.netty.channel.SimpleChannelHandler.handleUpstream(SimpleChannelHandler.java:88) [netty-3.10.4.Final.jar:na]
	at org.jboss.netty.channel.DefaultChannelPipeline.sendUpstream(DefaultChannelPipeline.java:564) [netty-3.10.4.Final.jar:na]
	at org.jboss.netty.channel.DefaultChannelPipeline$DefaultChannelHandlerContext.sendUpstream(DefaultChannelPipeline.java:791) [netty-3.10.4.Final.jar:na]
	at org.jboss.netty.handler.logging.LoggingHandler.handleUpstream(LoggingHandler.java:332) [netty-3.10.4.Final.jar:na]
	at org.jboss.netty.channel.DefaultChannelPipeline.sendUpstream(DefaultChannelPipeline.java:564) [netty-3.10.4.Final.jar:na]
	at org.jboss.netty.channel.DefaultChannelPipeline$DefaultChannelHandlerContext.sendUpstream(DefaultChannelPipeline.java:791) [netty-3.10.4.Final.jar:na]
	at org.jboss.netty.handler.codec.http.HttpContentDecoder.messageReceived(HttpContentDecoder.java:108) [netty-3.10.4.Final.jar:na]
	at org.jboss.netty.channel.SimpleChannelUpstreamHandler.handleUpstream(SimpleChannelUpstreamHandler.java:70) [netty-3.10.4.Final.jar:na]
	at org.jboss.netty.channel.DefaultChannelPipeline.sendUpstream(DefaultChannelPipeline.java:564) [netty-3.10.4.Final.jar:na]
	at org.jboss.netty.channel.DefaultChannelPipeline$DefaultChannelHandlerContext.sendUpstream(DefaultChannelPipeline.java:791) [netty-3.10.4.Final.jar:na]
	at org.jboss.netty.channel.Channels.fireMessageReceived(Channels.java:296) [netty-3.10.4.Final.jar:na]
	at org.jboss.netty.handler.codec.frame.FrameDecoder.unfoldAndFireMessageReceived(FrameDecoder.java:459) [netty-3.10.4.Final.jar:na]
	at org.jboss.netty.handler.codec.replay.ReplayingDecoder.callDecode(ReplayingDecoder.java:536) [netty-3.10.4.Final.jar:na]
	at org.jboss.netty.handler.codec.replay.ReplayingDecoder.messageReceived(ReplayingDecoder.java:435) [netty-3.10.4.Final.jar:na]
	at org.jboss.netty.channel.SimpleChannelUpstreamHandler.handleUpstream(SimpleChannelUpstreamHandler.java:70) [netty-3.10.4.Final.jar:na]
	at org.jboss.netty.channel.DefaultChannelPipeline.sendUpstream(DefaultChannelPipeline.java:564) [netty-3.10.4.Final.jar:na]
	at org.jboss.netty.channel.DefaultChannelPipeline.sendUpstream(DefaultChannelPipeline.java:559) [netty-3.10.4.Final.jar:na]
	at org.jboss.netty.channel.Channels.fireMessageReceived(Channels.java:268) [netty-3.10.4.Final.jar:na]
	at org.jboss.netty.channel.Channels.fireMessageReceived(Channels.java:255) [netty-3.10.4.Final.jar:na]
	at org.jboss.netty.channel.socket.nio.NioWorker.read(NioWorker.java:88) [netty-3.10.4.Final.jar:na]
	at org.jboss.netty.channel.socket.nio.AbstractNioWorker.process(AbstractNioWorker.java:108) [netty-3.10.4.Final.jar:na]
	at org.jboss.netty.channel.socket.nio.AbstractNioSelector.run(AbstractNioSelector.java:337) [netty-3.10.4.Final.jar:na]
	at org.jboss.netty.channel.socket.nio.AbstractNioWorker.run(AbstractNioWorker.java:89) [netty-3.10.4.Final.jar:na]
	at org.jboss.netty.channel.socket.nio.NioWorker.run(NioWorker.java:178) [netty-3.10.4.Final.jar:na]
	at org.jboss.netty.util.ThreadRenamingRunnable.run(ThreadRenamingRunnable.java:108) [netty-3.10.4.Final.jar:na]
	at org.jboss.netty.util.internal.DeadLockProofWorker$1.run(DeadLockProofWorker.java:42) [netty-3.10.4.Final.jar:na]
	at java.util.concurrent.ThreadPoolExecutor.runWorker(ThreadPoolExecutor.java:1149) [na:1.8.0_202]
	at java.util.concurrent.ThreadPoolExecutor$Worker.run(ThreadPoolExecutor.java:624) [na:1.8.0_202]
	at java.lang.Thread.run(Thread.java:748) [na:1.8.0_202]
Caused by: com.google.inject.ConfigurationException: Guice configuration errors:

1) Could not find a suitable constructor in controllers.Application. Classes must have either one (and only one) constructor annotated with @Inject or a zero-argument constructor that is not private.
  at controllers.Application.class(Application.scala:28)
  while locating controllers.Application

1 error
	at com.google.inject.internal.InjectorImpl.getProvider(InjectorImpl.java:1042) ~[guice-4.0.jar:na]
	at com.google.inject.internal.InjectorImpl.getProvider(InjectorImpl.java:1001) ~[guice-4.0.jar:na]
	at com.google.inject.internal.InjectorImpl.getInstance(InjectorImpl.java:1051) ~[guice-4.0.jar:na]
	at play.api.inject.guice.GuiceInjector.instanceOf(GuiceInjectorBuilder.scala:321) ~[play_2.11-2.4.6.jar:2.4.6]
	at router.Routes$$anonfun$routes$1$$anonfun$applyOrElse$1$$anonfun$apply$3.apply(Routes.scala:71) ~[classes/:na]
	at router.Routes$$anonfun$routes$1$$anonfun$applyOrElse$1$$anonfun$apply$3.apply(Routes.scala:71) ~[classes/:na]
	at play.core.routing.HandlerInvokerFactory$$anon$12$$anon$13.call(HandlerInvoker.scala:89) ~[play_2.11-2.4.6.jar:2.4.6]
	at play.core.routing.TaggingInvoker.call(HandlerInvoker.scala:32) ~[play_2.11-2.4.6.jar:2.4.6]
	at router.Routes$$anonfun$routes$1$$anonfun$applyOrElse$1.apply(Routes.scala:71) ~[classes/:na]
	at router.Routes$$anonfun$routes$1$$anonfun$applyOrElse$1.apply(Routes.scala:71) ~[classes/:na]
	at play.core.routing.GeneratedRouter.call(GeneratedRouter.scala:95) ~[play_2.11-2.4.6.jar:2.4.6]
	at router.Routes$$anonfun$routes$1.applyOrElse(Routes.scala:70) ~[classes/:na]
	at router.Routes$$anonfun$routes$1.applyOrElse(Routes.scala:66) ~[classes/:na]
	at scala.PartialFunction$Lifted.apply(PartialFunction.scala:223) ~[scala-library-2.11.8.jar:na]
	at scala.PartialFunction$Lifted.apply(PartialFunction.scala:219) ~[scala-library-2.11.8.jar:na]
	at play.api.routing.Router$class.handlerFor(Router.scala:38) ~[play_2.11-2.4.6.jar:2.4.6]
	at play.core.routing.GeneratedRouter.handlerFor(GeneratedRouter.scala:86) ~[play_2.11-2.4.6.jar:2.4.6]
	at play.api.http.DefaultHttpRequestHandler.routeRequest(HttpRequestHandler.scala:170) ~[play_2.11-2.4.6.jar:2.4.6]
	at play.api.http.JavaCompatibleHttpRequestHandler.routeRequest(HttpRequestHandler.scala:201) ~[play_2.11-2.4.6.jar:2.4.6]
	at play.api.GlobalSettings$$anonfun$onRouteRequest$1.apply(GlobalSettings.scala:166) ~[play_2.11-2.4.6.jar:2.4.6]
	at play.api.GlobalSettings$$anonfun$onRouteRequest$1.apply(GlobalSettings.scala:165) ~[play_2.11-2.4.6.jar:2.4.6]
	at scala.Option.flatMap(Option.scala:171) ~[scala-library-2.11.8.jar:na]
	at play.api.GlobalSettings$class.onRouteRequest(GlobalSettings.scala:165) ~[play_2.11-2.4.6.jar:2.4.6]
	at play.api.DefaultGlobal$.onRouteRequest(GlobalSettings.scala:212) ~[play_2.11-2.4.6.jar:2.4.6]
	at play.api.GlobalSettings$class.onRequestReceived(GlobalSettings.scala:110) ~[play_2.11-2.4.6.jar:2.4.6]
	at play.api.DefaultGlobal$.onRequestReceived(GlobalSettings.scala:212) ~[play_2.11-2.4.6.jar:2.4.6]
	at play.api.http.GlobalSettingsHttpRequestHandler.handlerForRequest(HttpRequestHandler.scala:183) ~[play_2.11-2.4.6.jar:2.4.6]
	at play.core.server.Server$$anonfun$sendHandler$1$1.apply(Server.scala:38) ~[play-server_2.11-2.4.6.jar:2.4.6]
	at play.core.server.Server$$anonfun$sendHandler$1$1.apply(Server.scala:37) ~[play-server_2.11-2.4.6.jar:2.4.6]
	at scala.util.Success$$anonfun$map$1.apply(Try.scala:237) ~[scala-library-2.11.8.jar:na]
	at scala.util.Try$.apply(Try.scala:192) ~[scala-library-2.11.8.jar:na]
	at scala.util.Success.map(Try.scala:237) ~[scala-library-2.11.8.jar:na]
	at play.core.server.Server$class.sendHandler$1(Server.scala:37) [play-server_2.11-2.4.6.jar:2.4.6]
	at play.core.server.Server$$anonfun$getHandlerFor$4.apply(Server.scala:58) [play-server_2.11-2.4.6.jar:2.4.6]
	... 41 common frames omitted
2019-08-12 15:22:30,444 [WARN] from application in main - Logger configuration in conf files is deprecated and has no effect. Use a logback configuration file instead.
2019-08-12 15:22:31,022 [INFO] from play.api.Play in main - Application started (Prod)
2019-08-12 15:22:31,123 [INFO] from play.core.server.NettyServer in main - Listening for HTTP on /0:0:0:0:0:0:0:0:9000
2019-08-12 15:22:45,188 [ERROR] from application in New I/O worker #2 - 

! @7co1e7f7d - Internal server error, for (GET) [/health] ->
 
play.api.http.HttpErrorHandlerExceptions$$anon$1: Execution exception[[ProvisionException: Unable to provision, see the following errors:

1) Error injecting constructor, java.lang.IllegalArgumentException: no matching constructor found on class org.sample.analytics.api.service.HealthCheckAPIService for arguments []
  at controllers.Application.<init>(Application.scala:28)
  at controllers.Application.class(Application.scala:28)
  while locating controllers.Application

1 error]]
	at play.api.http.HttpErrorHandlerExceptions$.throwableToUsefulException(HttpErrorHandler.scala:265) ~[play_2.11-2.4.6.jar:2.4.6]
	at play.api.http.DefaultHttpErrorHandler.onServerError(HttpErrorHandler.scala:191) ~[play_2.11-2.4.6.jar:2.4.6]
	at play.core.server.Server$class.logExceptionAndGetResult$1(Server.scala:50) [play-server_2.11-2.4.6.jar:2.4.6]
	at play.core.server.Server$$anonfun$getHandlerFor$4.apply(Server.scala:59) [play-server_2.11-2.4.6.jar:2.4.6]
	at play.core.server.Server$$anonfun$getHandlerFor$4.apply(Server.scala:57) [play-server_2.11-2.4.6.jar:2.4.6]
	at scala.util.Either$RightProjection.flatMap(Either.scala:522) [scala-library-2.11.8.jar:na]
	at play.core.server.Server$class.getHandlerFor(Server.scala:57) [play-server_2.11-2.4.6.jar:2.4.6]
	at play.core.server.NettyServer.getHandlerFor(NettyServer.scala:33) [play-netty-server_2.11-2.4.6.jar:2.4.6]
	at play.core.server.netty.PlayDefaultUpstreamHandler$$anonfun$8.apply(PlayDefaultUpstreamHandler.scala:132) [play-netty-server_2.11-2.4.6.jar:2.4.6]
	at play.core.server.netty.PlayDefaultUpstreamHandler$$anonfun$8.apply(PlayDefaultUpstreamHandler.scala:132) [play-netty-server_2.11-2.4.6.jar:2.4.6]
	at scala.util.Either.fold(Either.scala:99) [scala-library-2.11.8.jar:na]
	at play.core.server.netty.PlayDefaultUpstreamHandler.messageReceived(PlayDefaultUpstreamHandler.scala:120) [play-netty-server_2.11-2.4.6.jar:2.4.6]
	at org.jboss.netty.channel.SimpleChannelUpstreamHandler.handleUpstream(SimpleChannelUpstreamHandler.java:70) [netty-3.10.4.Final.jar:na]
	at org.jboss.netty.channel.DefaultChannelPipeline.sendUpstream(DefaultChannelPipeline.java:564) [netty-3.10.4.Final.jar:na]
	at org.jboss.netty.channel.DefaultChannelPipeline$DefaultChannelHandlerContext.sendUpstream(DefaultChannelPipeline.java:791) [netty-3.10.4.Final.jar:na]
	at com.typesafe.netty.http.pipelining.HttpPipeliningHandler.messageReceived(HttpPipeliningHandler.java:62) [netty-http-pipelining-1.1.4.jar:na]
	at org.jboss.netty.channel.SimpleChannelHandler.handleUpstream(SimpleChannelHandler.java:88) [netty-3.10.4.Final.jar:na]
	at org.jboss.netty.channel.DefaultChannelPipeline.sendUpstream(DefaultChannelPipeline.java:564) [netty-3.10.4.Final.jar:na]
	at org.jboss.netty.channel.DefaultChannelPipeline$DefaultChannelHandlerContext.sendUpstream(DefaultChannelPipeline.java:791) [netty-3.10.4.Final.jar:na]
	at org.jboss.netty.handler.logging.LoggingHandler.handleUpstream(LoggingHandler.java:332) [netty-3.10.4.Final.jar:na]
	at org.jboss.netty.channel.DefaultChannelPipeline.sendUpstream(DefaultChannelPipeline.java:564) [netty-3.10.4.Final.jar:na]
	at org.jboss.netty.channel.DefaultChannelPipeline$DefaultChannelHandlerContext.sendUpstream(DefaultChannelPipeline.java:791) [netty-3.10.4.Final.jar:na]
	at org.jboss.netty.handler.codec.http.HttpContentDecoder.messageReceived(HttpContentDecoder.java:108) [netty-3.10.4.Final.jar:na]
	at org.jboss.netty.channel.SimpleChannelUpstreamHandler.handleUpstream(SimpleChannelUpstreamHandler.java:70) [netty-3.10.4.Final.jar:na]
	at org.jboss.netty.channel.DefaultChannelPipeline.sendUpstream(DefaultChannelPipeline.java:564) [netty-3.10.4.Final.jar:na]
	at org.jboss.netty.channel.DefaultChannelPipeline$DefaultChannelHandlerContext.sendUpstream(DefaultChannelPipeline.java:791) [netty-3.10.4.Final.jar:na]
	at org.jboss.netty.channel.Channels.fireMessageReceived(Channels.java:296) [netty-3.10.4.Final.jar:na]
	at org.jboss.netty.handler.codec.frame.FrameDecoder.unfoldAndFireMessageReceived(FrameDecoder.java:459) [netty-3.10.4.Final.jar:na]
	at org.jboss.netty.handler.codec.replay.ReplayingDecoder.callDecode(ReplayingDecoder.java:536) [netty-3.10.4.Final.jar:na]
	at org.jboss.netty.handler.codec.replay.ReplayingDecoder.messageReceived(ReplayingDecoder.java:435) [netty-3.10.4.Final.jar:na]
	at org.jboss.netty.channel.SimpleChannelUpstreamHandler.handleUpstream(SimpleChannelUpstreamHandler.java:70) [netty-3.10.4.Final.jar:na]
	at org.jboss.netty.channel.DefaultChannelPipeline.sendUpstream(DefaultChannelPipeline.java:564) [netty-3.10.4.Final.jar:na]
	at org.jboss.netty.channel.DefaultChannelPipeline.sendUpstream(DefaultChannelPipeline.java:559) [netty-3.10.4.Final.jar:na]
	at org.jboss.netty.channel.Channels.fireMessageReceived(Channels.java:268) [netty-3.10.4.Final.jar:na]
	at org.jboss.netty.channel.Channels.fireMessageReceived(Channels.java:255) [netty-3.10.4.Final.jar:na]
	at org.jboss.netty.channel.socket.nio.NioWorker.read(NioWorker.java:88) [netty-3.10.4.Final.jar:na]
	at org.jboss.netty.channel.socket.nio.AbstractNioWorker.process(AbstractNioWorker.java:108) [netty-3.10.4.Final.jar:na]
	at org.jboss.netty.channel.socket.nio.AbstractNioSelector.run(AbstractNioSelector.java:337) [netty-3.10.4.Final.jar:na]
	at org.jboss.netty.channel.socket.nio.AbstractNioWorker.run(AbstractNioWorker.java:89) [netty-3.10.4.Final.jar:na]
	at org.jboss.netty.channel.socket.nio.NioWorker.run(NioWorker.java:178) [netty-3.10.4.Final.jar:na]
	at org.jboss.netty.util.ThreadRenamingRunnable.run(ThreadRenamingRunnable.java:108) [netty-3.10.4.Final.jar:na]
	at org.jboss.netty.util.internal.DeadLockProofWorker$1.run(DeadLockProofWorker.java:42) [netty-3.10.4.Final.jar:na]
	at java.util.concurrent.ThreadPoolExecutor.runWorker(ThreadPoolExecutor.java:1149) [na:1.8.0_202]
	at java.util.concurrent.ThreadPoolExecutor$Worker.run(ThreadPoolExecutor.java:624) [na:1.8.0_202]
	at java.lang.Thread.run(Thread.java:748) [na:1.8.0_202]
Caused by: com.google.inject.ProvisionException: Unable to provision, see the following errors:

1) Error injecting constructor, java.lang.IllegalArgumentException: no matching constructor found on class org.sample.analytics.api.service.HealthCheckAPIService for arguments []
  at controllers.Application.<init>(Application.scala:28)
  at controllers.Application.class(Application.scala:28)
  while locating controllers.Application

1 error
	at com.google.inject.internal.InjectorImpl$2.get(InjectorImpl.java:1025) ~[guice-4.0.jar:na]
	at com.google.inject.internal.InjectorImpl.getInstance(InjectorImpl.java:1051) ~[guice-4.0.jar:na]
	at play.api.inject.guice.GuiceInjector.instanceOf(GuiceInjectorBuilder.scala:321) ~[play_2.11-2.4.6.jar:2.4.6]
	at router.Routes$$anonfun$routes$1$$anonfun$applyOrElse$1$$anonfun$apply$3.apply(Routes.scala:71) ~[classes/:na]
	at router.Routes$$anonfun$routes$1$$anonfun$applyOrElse$1$$anonfun$apply$3.apply(Routes.scala:71) ~[classes/:na]
	at play.core.routing.HandlerInvokerFactory$$anon$12$$anon$13.call(HandlerInvoker.scala:89) ~[play_2.11-2.4.6.jar:2.4.6]
	at play.core.routing.TaggingInvoker.call(HandlerInvoker.scala:32) ~[play_2.11-2.4.6.jar:2.4.6]
	at router.Routes$$anonfun$routes$1$$anonfun$applyOrElse$1.apply(Routes.scala:71) ~[classes/:na]
	at router.Routes$$anonfun$routes$1$$anonfun$applyOrElse$1.apply(Routes.scala:71) ~[classes/:na]
	at play.core.routing.GeneratedRouter.call(GeneratedRouter.scala:95) ~[play_2.11-2.4.6.jar:2.4.6]
	at router.Routes$$anonfun$routes$1.applyOrElse(Routes.scala:70) ~[classes/:na]
	at router.Routes$$anonfun$routes$1.applyOrElse(Routes.scala:66) ~[classes/:na]
	at scala.PartialFunction$Lifted.apply(PartialFunction.scala:223) ~[scala-library-2.11.8.jar:na]
	at scala.PartialFunction$Lifted.apply(PartialFunction.scala:219) ~[scala-library-2.11.8.jar:na]
	at play.api.routing.Router$class.handlerFor(Router.scala:38) ~[play_2.11-2.4.6.jar:2.4.6]
	at play.core.routing.GeneratedRouter.handlerFor(GeneratedRouter.scala:86) ~[play_2.11-2.4.6.jar:2.4.6]
	at play.api.http.DefaultHttpRequestHandler.routeRequest(HttpRequestHandler.scala:170) ~[play_2.11-2.4.6.jar:2.4.6]
	at play.api.http.JavaCompatibleHttpRequestHandler.routeRequest(HttpRequestHandler.scala:201) ~[play_2.11-2.4.6.jar:2.4.6]
	at play.api.GlobalSettings$$anonfun$onRouteRequest$1.apply(GlobalSettings.scala:166) ~[play_2.11-2.4.6.jar:2.4.6]
	at play.api.GlobalSettings$$anonfun$onRouteRequest$1.apply(GlobalSettings.scala:165) ~[play_2.11-2.4.6.jar:2.4.6]
	at scala.Option.flatMap(Option.scala:171) ~[scala-library-2.11.8.jar:na]
	at play.api.GlobalSettings$class.onRouteRequest(GlobalSettings.scala:165) ~[play_2.11-2.4.6.jar:2.4.6]
	at play.api.DefaultGlobal$.onRouteRequest(GlobalSettings.scala:212) ~[play_2.11-2.4.6.jar:2.4.6]
	at play.api.GlobalSettings$class.onRequestReceived(GlobalSettings.scala:110) ~[play_2.11-2.4.6.jar:2.4.6]
	at play.api.DefaultGlobal$.onRequestReceived(GlobalSettings.scala:212) ~[play_2.11-2.4.6.jar:2.4.6]
	at play.api.http.GlobalSettingsHttpRequestHandler.handlerForRequest(HttpRequestHandler.scala:183) ~[play_2.11-2.4.6.jar:2.4.6]
	at play.core.server.Server$$anonfun$sendHandler$1$1.apply(Server.scala:38) ~[play-server_2.11-2.4.6.jar:2.4.6]
	at play.core.server.Server$$anonfun$sendHandler$1$1.apply(Server.scala:37) ~[play-server_2.11-2.4.6.jar:2.4.6]
	at scala.util.Success$$anonfun$map$1.apply(Try.scala:237) ~[scala-library-2.11.8.jar:na]
	at scala.util.Try$.apply(Try.scala:192) ~[scala-library-2.11.8.jar:na]
	at scala.util.Success.map(Try.scala:237) ~[scala-library-2.11.8.jar:na]
	at play.core.server.Server$class.sendHandler$1(Server.scala:37) [play-server_2.11-2.4.6.jar:2.4.6]
	at play.core.server.Server$$anonfun$getHandlerFor$4.apply(Server.scala:58) [play-server_2.11-2.4.6.jar:2.4.6]
	... 41 common frames omitted
Caused by: java.lang.IllegalArgumentException: no matching constructor found on class org.sample.analytics.api.service.HealthCheckAPIService for arguments []
	at akka.util.Reflect$.error$1(Reflect.scala:81) ~[akka-actor_2.11-2.4.9.jar:na]
	at akka.util.Reflect$.findConstructor(Reflect.scala:105) ~[akka-actor_2.11-2.4.9.jar:na]
	at akka.actor.NoArgsReflectConstructor.<init>(IndirectActorProducer.scala:103) ~[akka-actor_2.11-2.4.9.jar:na]
	at akka.actor.IndirectActorProducer$.apply(IndirectActorProducer.scala:60) ~[akka-actor_2.11-2.4.9.jar:na]
	at akka.actor.Props.producer(Props.scala:131) ~[akka-actor_2.11-2.4.9.jar:na]
	at akka.actor.Props.<init>(Props.scala:144) ~[akka-actor_2.11-2.4.9.jar:na]
	at akka.actor.Props$.apply(Props.scala:62) ~[akka-actor_2.11-2.4.9.jar:na]
	at controllers.Application.<init>(Application.scala:32) ~[classes/:na]
	at controllers.Application$$FastClassByGuice$$b5b6aa19.newInstance(<generated>) ~[guice-4.0.jar:na]
	at com.google.inject.internal.cglib.reflect.$FastConstructor.newInstance(FastConstructor.java:40) ~[guice-4.0.jar:na]
	at com.google.inject.internal.DefaultConstructionProxyFactory$1.newInstance(DefaultConstructionProxyFactory.java:61) ~[guice-4.0.jar:na]
	at com.google.inject.internal.ConstructorInjector.provision(ConstructorInjector.java:105) ~[guice-4.0.jar:na]
	at com.google.inject.internal.ConstructorInjector.construct(ConstructorInjector.java:85) ~[guice-4.0.jar:na]
	at com.google.inject.internal.ConstructorBindingImpl$Factory.get(ConstructorBindingImpl.java:267) ~[guice-4.0.jar:na]
	at com.google.inject.internal.ProviderToInternalFactoryAdapter$1.call(ProviderToInternalFactoryAdapter.java:46) ~[guice-4.0.jar:na]
	at com.google.inject.internal.InjectorImpl.callInContext(InjectorImpl.java:1103) ~[guice-4.0.jar:na]
	at com.google.inject.internal.ProviderToInternalFactoryAdapter.get(ProviderToInternalFactoryAdapter.java:40) ~[guice-4.0.jar:na]
	at com.google.inject.internal.SingletonScope$1.get(SingletonScope.java:145) ~[guice-4.0.jar:na]
	at com.google.inject.internal.InternalFactoryToProviderAdapter.get(InternalFactoryToProviderAdapter.java:41) ~[guice-4.0.jar:na]
	at com.google.inject.internal.InjectorImpl$2$1.call(InjectorImpl.java:1016) ~[guice-4.0.jar:na]
	at com.google.inject.internal.InjectorImpl.callInContext(InjectorImpl.java:1092) ~[guice-4.0.jar:na]
	at com.google.inject.internal.InjectorImpl$2.get(InjectorImpl.java:1012) ~[guice-4.0.jar:na]
	... 73 common frames omitted
2019-08-12 15:22:48,816 [ERROR] from application in New I/O worker #2 - 

! @7co1e7khd - Internal server error, for (GET) [/health] ->
 
play.api.http.HttpErrorHandlerExceptions$$anon$1: Execution exception[[ProvisionException: Unable to provision, see the following errors:

1) Error injecting constructor, java.lang.IllegalArgumentException: no matching constructor found on class org.sample.analytics.api.service.HealthCheckAPIService for arguments []
  at controllers.Application.<init>(Application.scala:28)
  at controllers.Application.class(Application.scala:28)
  while locating controllers.Application

1 error]]
	at play.api.http.HttpErrorHandlerExceptions$.throwableToUsefulException(HttpErrorHandler.scala:265) ~[play_2.11-2.4.6.jar:2.4.6]
	at play.api.http.DefaultHttpErrorHandler.onServerError(HttpErrorHandler.scala:191) ~[play_2.11-2.4.6.jar:2.4.6]
	at play.core.server.Server$class.logExceptionAndGetResult$1(Server.scala:50) [play-server_2.11-2.4.6.jar:2.4.6]
	at play.core.server.Server$$anonfun$getHandlerFor$4.apply(Server.scala:59) [play-server_2.11-2.4.6.jar:2.4.6]
	at play.core.server.Server$$anonfun$getHandlerFor$4.apply(Server.scala:57) [play-server_2.11-2.4.6.jar:2.4.6]
	at scala.util.Either$RightProjection.flatMap(Either.scala:522) [scala-library-2.11.8.jar:na]
	at play.core.server.Server$class.getHandlerFor(Server.scala:57) [play-server_2.11-2.4.6.jar:2.4.6]
	at play.core.server.NettyServer.getHandlerFor(NettyServer.scala:33) [play-netty-server_2.11-2.4.6.jar:2.4.6]
	at play.core.server.netty.PlayDefaultUpstreamHandler$$anonfun$8.apply(PlayDefaultUpstreamHandler.scala:132) [play-netty-server_2.11-2.4.6.jar:2.4.6]
	at play.core.server.netty.PlayDefaultUpstreamHandler$$anonfun$8.apply(PlayDefaultUpstreamHandler.scala:132) [play-netty-server_2.11-2.4.6.jar:2.4.6]
	at scala.util.Either.fold(Either.scala:99) [scala-library-2.11.8.jar:na]
	at play.core.server.netty.PlayDefaultUpstreamHandler.messageReceived(PlayDefaultUpstreamHandler.scala:120) [play-netty-server_2.11-2.4.6.jar:2.4.6]
	at org.jboss.netty.channel.SimpleChannelUpstreamHandler.handleUpstream(SimpleChannelUpstreamHandler.java:70) [netty-3.10.4.Final.jar:na]
	at org.jboss.netty.channel.DefaultChannelPipeline.sendUpstream(DefaultChannelPipeline.java:564) [netty-3.10.4.Final.jar:na]
	at org.jboss.netty.channel.DefaultChannelPipeline$DefaultChannelHandlerContext.sendUpstream(DefaultChannelPipeline.java:791) [netty-3.10.4.Final.jar:na]
	at com.typesafe.netty.http.pipelining.HttpPipeliningHandler.messageReceived(HttpPipeliningHandler.java:62) [netty-http-pipelining-1.1.4.jar:na]
	at org.jboss.netty.channel.SimpleChannelHandler.handleUpstream(SimpleChannelHandler.java:88) [netty-3.10.4.Final.jar:na]
	at org.jboss.netty.channel.DefaultChannelPipeline.sendUpstream(DefaultChannelPipeline.java:564) [netty-3.10.4.Final.jar:na]
	at org.jboss.netty.channel.DefaultChannelPipeline$DefaultChannelHandlerContext.sendUpstream(DefaultChannelPipeline.java:791) [netty-3.10.4.Final.jar:na]
	at org.jboss.netty.handler.logging.LoggingHandler.handleUpstream(LoggingHandler.java:332) [netty-3.10.4.Final.jar:na]
	at org.jboss.netty.channel.DefaultChannelPipeline.sendUpstream(DefaultChannelPipeline.java:564) [netty-3.10.4.Final.jar:na]
	at org.jboss.netty.channel.DefaultChannelPipeline$DefaultChannelHandlerContext.sendUpstream(DefaultChannelPipeline.java:791) [netty-3.10.4.Final.jar:na]
	at org.jboss.netty.handler.codec.http.HttpContentDecoder.messageReceived(HttpContentDecoder.java:108) [netty-3.10.4.Final.jar:na]
	at org.jboss.netty.channel.SimpleChannelUpstreamHandler.handleUpstream(SimpleChannelUpstreamHandler.java:70) [netty-3.10.4.Final.jar:na]
	at org.jboss.netty.channel.DefaultChannelPipeline.sendUpstream(DefaultChannelPipeline.java:564) [netty-3.10.4.Final.jar:na]
	at org.jboss.netty.channel.DefaultChannelPipeline$DefaultChannelHandlerContext.sendUpstream(DefaultChannelPipeline.java:791) [netty-3.10.4.Final.jar:na]
	at org.jboss.netty.channel.Channels.fireMessageReceived(Channels.java:296) [netty-3.10.4.Final.jar:na]
	at org.jboss.netty.handler.codec.frame.FrameDecoder.unfoldAndFireMessageReceived(FrameDecoder.java:459) [netty-3.10.4.Final.jar:na]
	at org.jboss.netty.handler.codec.replay.ReplayingDecoder.callDecode(ReplayingDecoder.java:536) [netty-3.10.4.Final.jar:na]
	at org.jboss.netty.handler.codec.replay.ReplayingDecoder.messageReceived(ReplayingDecoder.java:435) [netty-3.10.4.Final.jar:na]
	at org.jboss.netty.channel.SimpleChannelUpstreamHandler.handleUpstream(SimpleChannelUpstreamHandler.java:70) [netty-3.10.4.Final.jar:na]
	at org.jboss.netty.channel.DefaultChannelPipeline.sendUpstream(DefaultChannelPipeline.java:564) [netty-3.10.4.Final.jar:na]
	at org.jboss.netty.channel.DefaultChannelPipeline.sendUpstream(DefaultChannelPipeline.java:559) [netty-3.10.4.Final.jar:na]
	at org.jboss.netty.channel.Channels.fireMessageReceived(Channels.java:268) [netty-3.10.4.Final.jar:na]
	at org.jboss.netty.channel.Channels.fireMessageReceived(Channels.java:255) [netty-3.10.4.Final.jar:na]
	at org.jboss.netty.channel.socket.nio.NioWorker.read(NioWorker.java:88) [netty-3.10.4.Final.jar:na]
	at org.jboss.netty.channel.socket.nio.AbstractNioWorker.process(AbstractNioWorker.java:108) [netty-3.10.4.Final.jar:na]
	at org.jboss.netty.channel.socket.nio.AbstractNioSelector.run(AbstractNioSelector.java:337) [netty-3.10.4.Final.jar:na]
	at org.jboss.netty.channel.socket.nio.AbstractNioWorker.run(AbstractNioWorker.java:89) [netty-3.10.4.Final.jar:na]
	at org.jboss.netty.channel.socket.nio.NioWorker.run(NioWorker.java:178) [netty-3.10.4.Final.jar:na]
	at org.jboss.netty.util.ThreadRenamingRunnable.run(ThreadRenamingRunnable.java:108) [netty-3.10.4.Final.jar:na]
	at org.jboss.netty.util.internal.DeadLockProofWorker$1.run(DeadLockProofWorker.java:42) [netty-3.10.4.Final.jar:na]
	at java.util.concurrent.ThreadPoolExecutor.runWorker(ThreadPoolExecutor.java:1149) [na:1.8.0_202]
	at java.util.concurrent.ThreadPoolExecutor$Worker.run(ThreadPoolExecutor.java:624) [na:1.8.0_202]
	at java.lang.Thread.run(Thread.java:748) [na:1.8.0_202]
Caused by: com.google.inject.ProvisionException: Unable to provision, see the following errors:

1) Error injecting constructor, java.lang.IllegalArgumentException: no matching constructor found on class org.sample.analytics.api.service.HealthCheckAPIService for arguments []
  at controllers.Application.<init>(Application.scala:28)
  at controllers.Application.class(Application.scala:28)
  while locating controllers.Application

1 error
	at com.google.inject.internal.InjectorImpl$2.get(InjectorImpl.java:1025) ~[guice-4.0.jar:na]
	at com.google.inject.internal.InjectorImpl.getInstance(InjectorImpl.java:1051) ~[guice-4.0.jar:na]
	at play.api.inject.guice.GuiceInjector.instanceOf(GuiceInjectorBuilder.scala:321) ~[play_2.11-2.4.6.jar:2.4.6]
	at router.Routes$$anonfun$routes$1$$anonfun$applyOrElse$1$$anonfun$apply$3.apply(Routes.scala:71) ~[classes/:na]
	at router.Routes$$anonfun$routes$1$$anonfun$applyOrElse$1$$anonfun$apply$3.apply(Routes.scala:71) ~[classes/:na]
	at play.core.routing.HandlerInvokerFactory$$anon$12$$anon$13.call(HandlerInvoker.scala:89) ~[play_2.11-2.4.6.jar:2.4.6]
	at play.core.routing.TaggingInvoker.call(HandlerInvoker.scala:32) ~[play_2.11-2.4.6.jar:2.4.6]
	at router.Routes$$anonfun$routes$1$$anonfun$applyOrElse$1.apply(Routes.scala:71) ~[classes/:na]
	at router.Routes$$anonfun$routes$1$$anonfun$applyOrElse$1.apply(Routes.scala:71) ~[classes/:na]
	at play.core.routing.GeneratedRouter.call(GeneratedRouter.scala:95) ~[play_2.11-2.4.6.jar:2.4.6]
	at router.Routes$$anonfun$routes$1.applyOrElse(Routes.scala:70) ~[classes/:na]
	at router.Routes$$anonfun$routes$1.applyOrElse(Routes.scala:66) ~[classes/:na]
	at scala.PartialFunction$Lifted.apply(PartialFunction.scala:223) ~[scala-library-2.11.8.jar:na]
	at scala.PartialFunction$Lifted.apply(PartialFunction.scala:219) ~[scala-library-2.11.8.jar:na]
	at play.api.routing.Router$class.handlerFor(Router.scala:38) ~[play_2.11-2.4.6.jar:2.4.6]
	at play.core.routing.GeneratedRouter.handlerFor(GeneratedRouter.scala:86) ~[play_2.11-2.4.6.jar:2.4.6]
	at play.api.http.DefaultHttpRequestHandler.routeRequest(HttpRequestHandler.scala:170) ~[play_2.11-2.4.6.jar:2.4.6]
	at play.api.http.JavaCompatibleHttpRequestHandler.routeRequest(HttpRequestHandler.scala:201) ~[play_2.11-2.4.6.jar:2.4.6]
	at play.api.GlobalSettings$$anonfun$onRouteRequest$1.apply(GlobalSettings.scala:166) ~[play_2.11-2.4.6.jar:2.4.6]
	at play.api.GlobalSettings$$anonfun$onRouteRequest$1.apply(GlobalSettings.scala:165) ~[play_2.11-2.4.6.jar:2.4.6]
	at scala.Option.flatMap(Option.scala:171) ~[scala-library-2.11.8.jar:na]
	at play.api.GlobalSettings$class.onRouteRequest(GlobalSettings.scala:165) ~[play_2.11-2.4.6.jar:2.4.6]
	at play.api.DefaultGlobal$.onRouteRequest(GlobalSettings.scala:212) ~[play_2.11-2.4.6.jar:2.4.6]
	at play.api.GlobalSettings$class.onRequestReceived(GlobalSettings.scala:110) ~[play_2.11-2.4.6.jar:2.4.6]
	at play.api.DefaultGlobal$.onRequestReceived(GlobalSettings.scala:212) ~[play_2.11-2.4.6.jar:2.4.6]
	at play.api.http.GlobalSettingsHttpRequestHandler.handlerForRequest(HttpRequestHandler.scala:183) ~[play_2.11-2.4.6.jar:2.4.6]
	at play.core.server.Server$$anonfun$sendHandler$1$1.apply(Server.scala:38) ~[play-server_2.11-2.4.6.jar:2.4.6]
	at play.core.server.Server$$anonfun$sendHandler$1$1.apply(Server.scala:37) ~[play-server_2.11-2.4.6.jar:2.4.6]
	at scala.util.Success$$anonfun$map$1.apply(Try.scala:237) ~[scala-library-2.11.8.jar:na]
	at scala.util.Try$.apply(Try.scala:192) ~[scala-library-2.11.8.jar:na]
	at scala.util.Success.map(Try.scala:237) ~[scala-library-2.11.8.jar:na]
	at play.core.server.Server$class.sendHandler$1(Server.scala:37) [play-server_2.11-2.4.6.jar:2.4.6]
	at play.core.server.Server$$anonfun$getHandlerFor$4.apply(Server.scala:58) [play-server_2.11-2.4.6.jar:2.4.6]
	... 41 common frames omitted
Caused by: java.lang.IllegalArgumentException: no matching constructor found on class org.sample.analytics.api.service.HealthCheckAPIService for arguments []
	at akka.util.Reflect$.error$1(Reflect.scala:81) ~[akka-actor_2.11-2.4.9.jar:na]
	at akka.util.Reflect$.findConstructor(Reflect.scala:105) ~[akka-actor_2.11-2.4.9.jar:na]
	at akka.actor.NoArgsReflectConstructor.<init>(IndirectActorProducer.scala:103) ~[akka-actor_2.11-2.4.9.jar:na]
	at akka.actor.IndirectActorProducer$.apply(IndirectActorProducer.scala:60) ~[akka-actor_2.11-2.4.9.jar:na]
	at akka.actor.Props.producer(Props.scala:131) ~[akka-actor_2.11-2.4.9.jar:na]
	at akka.actor.Props.<init>(Props.scala:144) ~[akka-actor_2.11-2.4.9.jar:na]
	at akka.actor.Props$.apply(Props.scala:62) ~[akka-actor_2.11-2.4.9.jar:na]
	at controllers.Application.<init>(Application.scala:32) ~[classes/:na]
	at controllers.Application$$FastClassByGuice$$b5b6aa19.newInstance(<generated>) ~[guice-4.0.jar:na]
	at com.google.inject.internal.cglib.reflect.$FastConstructor.newInstance(FastConstructor.java:40) ~[guice-4.0.jar:na]
	at com.google.inject.internal.DefaultConstructionProxyFactory$1.newInstance(DefaultConstructionProxyFactory.java:61) ~[guice-4.0.jar:na]
	at com.google.inject.internal.ConstructorInjector.provision(ConstructorInjector.java:105) ~[guice-4.0.jar:na]
	at com.google.inject.internal.ConstructorInjector.construct(ConstructorInjector.java:85) ~[guice-4.0.jar:na]
	at com.google.inject.internal.ConstructorBindingImpl$Factory.get(ConstructorBindingImpl.java:267) ~[guice-4.0.jar:na]
	at com.google.inject.internal.ProviderToInternalFactoryAdapter$1.call(ProviderToInternalFactoryAdapter.java:46) ~[guice-4.0.jar:na]
	at com.google.inject.internal.InjectorImpl.callInContext(InjectorImpl.java:1103) ~[guice-4.0.jar:na]
	at com.google.inject.internal.ProviderToInternalFactoryAdapter.get(ProviderToInternalFactoryAdapter.java:40) ~[guice-4.0.jar:na]
	at com.google.inject.internal.SingletonScope$1.get(SingletonScope.java:145) ~[guice-4.0.jar:na]
	at com.google.inject.internal.InternalFactoryToProviderAdapter.get(InternalFactoryToProviderAdapter.java:41) ~[guice-4.0.jar:na]
	at com.google.inject.internal.InjectorImpl$2$1.call(InjectorImpl.java:1016) ~[guice-4.0.jar:na]
	at com.google.inject.internal.InjectorImpl.callInContext(InjectorImpl.java:1092) ~[guice-4.0.jar:na]
	at com.google.inject.internal.InjectorImpl$2.get(InjectorImpl.java:1012) ~[guice-4.0.jar:na]
	... 73 common frames omitted
2019-08-12 15:32:41,965 [WARN] from application in main - Logger configuration in conf files is deprecated and has no effect. Use a logback configuration file instead.
2019-08-12 15:32:43,239 [INFO] from play.api.Play in main - Application started (Prod)
2019-08-12 15:32:43,468 [INFO] from play.core.server.NettyServer in main - Listening for HTTP on /0:0:0:0:0:0:0:0:9000
2019-08-12 15:33:08,334 [ERROR] from application in New I/O worker #2 - 

! @7co1fh12g - Internal server error, for (GET) [/health] ->
 
play.api.http.HttpErrorHandlerExceptions$$anon$1: Execution exception[[ProvisionException: Unable to provision, see the following errors:

1) Error injecting constructor, java.lang.IllegalArgumentException: no matching constructor found on class org.sample.analytics.api.service.HealthCheckAPIService for arguments []
  at controllers.Application.<init>(Application.scala:28)
  at controllers.Application.class(Application.scala:28)
  while locating controllers.Application

1 error]]
	at play.api.http.HttpErrorHandlerExceptions$.throwableToUsefulException(HttpErrorHandler.scala:265) ~[play_2.11-2.4.6.jar:2.4.6]
	at play.api.http.DefaultHttpErrorHandler.onServerError(HttpErrorHandler.scala:191) ~[play_2.11-2.4.6.jar:2.4.6]
	at play.core.server.Server$class.logExceptionAndGetResult$1(Server.scala:50) [play-server_2.11-2.4.6.jar:2.4.6]
	at play.core.server.Server$$anonfun$getHandlerFor$4.apply(Server.scala:59) [play-server_2.11-2.4.6.jar:2.4.6]
	at play.core.server.Server$$anonfun$getHandlerFor$4.apply(Server.scala:57) [play-server_2.11-2.4.6.jar:2.4.6]
	at scala.util.Either$RightProjection.flatMap(Either.scala:522) [scala-library-2.11.8.jar:na]
	at play.core.server.Server$class.getHandlerFor(Server.scala:57) [play-server_2.11-2.4.6.jar:2.4.6]
	at play.core.server.NettyServer.getHandlerFor(NettyServer.scala:33) [play-netty-server_2.11-2.4.6.jar:2.4.6]
	at play.core.server.netty.PlayDefaultUpstreamHandler$$anonfun$8.apply(PlayDefaultUpstreamHandler.scala:132) [play-netty-server_2.11-2.4.6.jar:2.4.6]
	at play.core.server.netty.PlayDefaultUpstreamHandler$$anonfun$8.apply(PlayDefaultUpstreamHandler.scala:132) [play-netty-server_2.11-2.4.6.jar:2.4.6]
	at scala.util.Either.fold(Either.scala:99) [scala-library-2.11.8.jar:na]
	at play.core.server.netty.PlayDefaultUpstreamHandler.messageReceived(PlayDefaultUpstreamHandler.scala:120) [play-netty-server_2.11-2.4.6.jar:2.4.6]
	at org.jboss.netty.channel.SimpleChannelUpstreamHandler.handleUpstream(SimpleChannelUpstreamHandler.java:70) [netty-3.10.4.Final.jar:na]
	at org.jboss.netty.channel.DefaultChannelPipeline.sendUpstream(DefaultChannelPipeline.java:564) [netty-3.10.4.Final.jar:na]
	at org.jboss.netty.channel.DefaultChannelPipeline$DefaultChannelHandlerContext.sendUpstream(DefaultChannelPipeline.java:791) [netty-3.10.4.Final.jar:na]
	at com.typesafe.netty.http.pipelining.HttpPipeliningHandler.messageReceived(HttpPipeliningHandler.java:62) [netty-http-pipelining-1.1.4.jar:na]
	at org.jboss.netty.channel.SimpleChannelHandler.handleUpstream(SimpleChannelHandler.java:88) [netty-3.10.4.Final.jar:na]
	at org.jboss.netty.channel.DefaultChannelPipeline.sendUpstream(DefaultChannelPipeline.java:564) [netty-3.10.4.Final.jar:na]
	at org.jboss.netty.channel.DefaultChannelPipeline$DefaultChannelHandlerContext.sendUpstream(DefaultChannelPipeline.java:791) [netty-3.10.4.Final.jar:na]
	at org.jboss.netty.handler.logging.LoggingHandler.handleUpstream(LoggingHandler.java:332) [netty-3.10.4.Final.jar:na]
	at org.jboss.netty.channel.DefaultChannelPipeline.sendUpstream(DefaultChannelPipeline.java:564) [netty-3.10.4.Final.jar:na]
	at org.jboss.netty.channel.DefaultChannelPipeline$DefaultChannelHandlerContext.sendUpstream(DefaultChannelPipeline.java:791) [netty-3.10.4.Final.jar:na]
	at org.jboss.netty.handler.codec.http.HttpContentDecoder.messageReceived(HttpContentDecoder.java:108) [netty-3.10.4.Final.jar:na]
	at org.jboss.netty.channel.SimpleChannelUpstreamHandler.handleUpstream(SimpleChannelUpstreamHandler.java:70) [netty-3.10.4.Final.jar:na]
	at org.jboss.netty.channel.DefaultChannelPipeline.sendUpstream(DefaultChannelPipeline.java:564) [netty-3.10.4.Final.jar:na]
	at org.jboss.netty.channel.DefaultChannelPipeline$DefaultChannelHandlerContext.sendUpstream(DefaultChannelPipeline.java:791) [netty-3.10.4.Final.jar:na]
	at org.jboss.netty.channel.Channels.fireMessageReceived(Channels.java:296) [netty-3.10.4.Final.jar:na]
	at org.jboss.netty.handler.codec.frame.FrameDecoder.unfoldAndFireMessageReceived(FrameDecoder.java:459) [netty-3.10.4.Final.jar:na]
	at org.jboss.netty.handler.codec.replay.ReplayingDecoder.callDecode(ReplayingDecoder.java:536) [netty-3.10.4.Final.jar:na]
	at org.jboss.netty.handler.codec.replay.ReplayingDecoder.messageReceived(ReplayingDecoder.java:435) [netty-3.10.4.Final.jar:na]
	at org.jboss.netty.channel.SimpleChannelUpstreamHandler.handleUpstream(SimpleChannelUpstreamHandler.java:70) [netty-3.10.4.Final.jar:na]
	at org.jboss.netty.channel.DefaultChannelPipeline.sendUpstream(DefaultChannelPipeline.java:564) [netty-3.10.4.Final.jar:na]
	at org.jboss.netty.channel.DefaultChannelPipeline.sendUpstream(DefaultChannelPipeline.java:559) [netty-3.10.4.Final.jar:na]
	at org.jboss.netty.channel.Channels.fireMessageReceived(Channels.java:268) [netty-3.10.4.Final.jar:na]
	at org.jboss.netty.channel.Channels.fireMessageReceived(Channels.java:255) [netty-3.10.4.Final.jar:na]
	at org.jboss.netty.channel.socket.nio.NioWorker.read(NioWorker.java:88) [netty-3.10.4.Final.jar:na]
	at org.jboss.netty.channel.socket.nio.AbstractNioWorker.process(AbstractNioWorker.java:108) [netty-3.10.4.Final.jar:na]
	at org.jboss.netty.channel.socket.nio.AbstractNioSelector.run(AbstractNioSelector.java:337) [netty-3.10.4.Final.jar:na]
	at org.jboss.netty.channel.socket.nio.AbstractNioWorker.run(AbstractNioWorker.java:89) [netty-3.10.4.Final.jar:na]
	at org.jboss.netty.channel.socket.nio.NioWorker.run(NioWorker.java:178) [netty-3.10.4.Final.jar:na]
	at org.jboss.netty.util.ThreadRenamingRunnable.run(ThreadRenamingRunnable.java:108) [netty-3.10.4.Final.jar:na]
	at org.jboss.netty.util.internal.DeadLockProofWorker$1.run(DeadLockProofWorker.java:42) [netty-3.10.4.Final.jar:na]
	at java.util.concurrent.ThreadPoolExecutor.runWorker(ThreadPoolExecutor.java:1149) [na:1.8.0_202]
	at java.util.concurrent.ThreadPoolExecutor$Worker.run(ThreadPoolExecutor.java:624) [na:1.8.0_202]
	at java.lang.Thread.run(Thread.java:748) [na:1.8.0_202]
Caused by: com.google.inject.ProvisionException: Unable to provision, see the following errors:

1) Error injecting constructor, java.lang.IllegalArgumentException: no matching constructor found on class org.sample.analytics.api.service.HealthCheckAPIService for arguments []
  at controllers.Application.<init>(Application.scala:28)
  at controllers.Application.class(Application.scala:28)
  while locating controllers.Application

1 error
	at com.google.inject.internal.InjectorImpl$2.get(InjectorImpl.java:1025) ~[guice-4.0.jar:na]
	at com.google.inject.internal.InjectorImpl.getInstance(InjectorImpl.java:1051) ~[guice-4.0.jar:na]
	at play.api.inject.guice.GuiceInjector.instanceOf(GuiceInjectorBuilder.scala:321) ~[play_2.11-2.4.6.jar:2.4.6]
	at router.Routes$$anonfun$routes$1$$anonfun$applyOrElse$1$$anonfun$apply$3.apply(Routes.scala:71) ~[classes/:na]
	at router.Routes$$anonfun$routes$1$$anonfun$applyOrElse$1$$anonfun$apply$3.apply(Routes.scala:71) ~[classes/:na]
	at play.core.routing.HandlerInvokerFactory$$anon$12$$anon$13.call(HandlerInvoker.scala:89) ~[play_2.11-2.4.6.jar:2.4.6]
	at play.core.routing.TaggingInvoker.call(HandlerInvoker.scala:32) ~[play_2.11-2.4.6.jar:2.4.6]
	at router.Routes$$anonfun$routes$1$$anonfun$applyOrElse$1.apply(Routes.scala:71) ~[classes/:na]
	at router.Routes$$anonfun$routes$1$$anonfun$applyOrElse$1.apply(Routes.scala:71) ~[classes/:na]
	at play.core.routing.GeneratedRouter.call(GeneratedRouter.scala:95) ~[play_2.11-2.4.6.jar:2.4.6]
	at router.Routes$$anonfun$routes$1.applyOrElse(Routes.scala:70) ~[classes/:na]
	at router.Routes$$anonfun$routes$1.applyOrElse(Routes.scala:66) ~[classes/:na]
	at scala.PartialFunction$Lifted.apply(PartialFunction.scala:223) ~[scala-library-2.11.8.jar:na]
	at scala.PartialFunction$Lifted.apply(PartialFunction.scala:219) ~[scala-library-2.11.8.jar:na]
	at play.api.routing.Router$class.handlerFor(Router.scala:38) ~[play_2.11-2.4.6.jar:2.4.6]
	at play.core.routing.GeneratedRouter.handlerFor(GeneratedRouter.scala:86) ~[play_2.11-2.4.6.jar:2.4.6]
	at play.api.http.DefaultHttpRequestHandler.routeRequest(HttpRequestHandler.scala:170) ~[play_2.11-2.4.6.jar:2.4.6]
	at play.api.http.JavaCompatibleHttpRequestHandler.routeRequest(HttpRequestHandler.scala:201) ~[play_2.11-2.4.6.jar:2.4.6]
	at play.api.GlobalSettings$$anonfun$onRouteRequest$1.apply(GlobalSettings.scala:166) ~[play_2.11-2.4.6.jar:2.4.6]
	at play.api.GlobalSettings$$anonfun$onRouteRequest$1.apply(GlobalSettings.scala:165) ~[play_2.11-2.4.6.jar:2.4.6]
	at scala.Option.flatMap(Option.scala:171) ~[scala-library-2.11.8.jar:na]
	at play.api.GlobalSettings$class.onRouteRequest(GlobalSettings.scala:165) ~[play_2.11-2.4.6.jar:2.4.6]
	at play.api.DefaultGlobal$.onRouteRequest(GlobalSettings.scala:212) ~[play_2.11-2.4.6.jar:2.4.6]
	at play.api.GlobalSettings$class.onRequestReceived(GlobalSettings.scala:110) ~[play_2.11-2.4.6.jar:2.4.6]
	at play.api.DefaultGlobal$.onRequestReceived(GlobalSettings.scala:212) ~[play_2.11-2.4.6.jar:2.4.6]
	at play.api.http.GlobalSettingsHttpRequestHandler.handlerForRequest(HttpRequestHandler.scala:183) ~[play_2.11-2.4.6.jar:2.4.6]
	at play.core.server.Server$$anonfun$sendHandler$1$1.apply(Server.scala:38) ~[play-server_2.11-2.4.6.jar:2.4.6]
	at play.core.server.Server$$anonfun$sendHandler$1$1.apply(Server.scala:37) ~[play-server_2.11-2.4.6.jar:2.4.6]
	at scala.util.Success$$anonfun$map$1.apply(Try.scala:237) ~[scala-library-2.11.8.jar:na]
	at scala.util.Try$.apply(Try.scala:192) ~[scala-library-2.11.8.jar:na]
	at scala.util.Success.map(Try.scala:237) ~[scala-library-2.11.8.jar:na]
	at play.core.server.Server$class.sendHandler$1(Server.scala:37) [play-server_2.11-2.4.6.jar:2.4.6]
	at play.core.server.Server$$anonfun$getHandlerFor$4.apply(Server.scala:58) [play-server_2.11-2.4.6.jar:2.4.6]
	... 41 common frames omitted
Caused by: java.lang.IllegalArgumentException: no matching constructor found on class org.sample.analytics.api.service.HealthCheckAPIService for arguments []
	at akka.util.Reflect$.error$1(Reflect.scala:81) ~[akka-actor_2.11-2.4.9.jar:na]
	at akka.util.Reflect$.findConstructor(Reflect.scala:105) ~[akka-actor_2.11-2.4.9.jar:na]
	at akka.actor.NoArgsReflectConstructor.<init>(IndirectActorProducer.scala:103) ~[akka-actor_2.11-2.4.9.jar:na]
	at akka.actor.IndirectActorProducer$.apply(IndirectActorProducer.scala:60) ~[akka-actor_2.11-2.4.9.jar:na]
	at akka.actor.Props.producer(Props.scala:131) ~[akka-actor_2.11-2.4.9.jar:na]
	at akka.actor.Props.<init>(Props.scala:144) ~[akka-actor_2.11-2.4.9.jar:na]
	at akka.actor.Props$.apply(Props.scala:62) ~[akka-actor_2.11-2.4.9.jar:na]
	at controllers.Application.<init>(Application.scala:32) ~[classes/:na]
	at controllers.Application$$FastClassByGuice$$b5b6aa19.newInstance(<generated>) ~[guice-4.0.jar:na]
	at com.google.inject.internal.cglib.reflect.$FastConstructor.newInstance(FastConstructor.java:40) ~[guice-4.0.jar:na]
	at com.google.inject.internal.DefaultConstructionProxyFactory$1.newInstance(DefaultConstructionProxyFactory.java:61) ~[guice-4.0.jar:na]
	at com.google.inject.internal.ConstructorInjector.provision(ConstructorInjector.java:105) ~[guice-4.0.jar:na]
	at com.google.inject.internal.ConstructorInjector.construct(ConstructorInjector.java:85) ~[guice-4.0.jar:na]
	at com.google.inject.internal.ConstructorBindingImpl$Factory.get(ConstructorBindingImpl.java:267) ~[guice-4.0.jar:na]
	at com.google.inject.internal.ProviderToInternalFactoryAdapter$1.call(ProviderToInternalFactoryAdapter.java:46) ~[guice-4.0.jar:na]
	at com.google.inject.internal.InjectorImpl.callInContext(InjectorImpl.java:1103) ~[guice-4.0.jar:na]
	at com.google.inject.internal.ProviderToInternalFactoryAdapter.get(ProviderToInternalFactoryAdapter.java:40) ~[guice-4.0.jar:na]
	at com.google.inject.internal.SingletonScope$1.get(SingletonScope.java:145) ~[guice-4.0.jar:na]
	at com.google.inject.internal.InternalFactoryToProviderAdapter.get(InternalFactoryToProviderAdapter.java:41) ~[guice-4.0.jar:na]
	at com.google.inject.internal.InjectorImpl$2$1.call(InjectorImpl.java:1016) ~[guice-4.0.jar:na]
	at com.google.inject.internal.InjectorImpl.callInContext(InjectorImpl.java:1092) ~[guice-4.0.jar:na]
	at com.google.inject.internal.InjectorImpl$2.get(InjectorImpl.java:1012) ~[guice-4.0.jar:na]
	... 73 common frames omitted
2019-08-12 15:36:27,261 [WARN] from application in main - Logger configuration in conf files is deprecated and has no effect. Use a logback configuration file instead.
2019-08-12 15:36:27,798 [INFO] from play.api.Play in main - Application started (Prod)
2019-08-12 15:36:27,875 [INFO] from play.core.server.NettyServer in main - Listening for HTTP on /0:0:0:0:0:0:0:0:9000
2019-08-12 15:36:31,570 [ERROR] from application in New I/O worker #2 - 

! @7co1g2fjg - Internal server error, for (GET) [/health] ->
 
play.api.http.HttpErrorHandlerExceptions$$anon$1: Execution exception[[ProvisionException: Unable to provision, see the following errors:

1) Error injecting constructor, java.lang.IllegalArgumentException: no matching constructor found on class org.sample.analytics.api.service.HealthCheckAPIService for arguments []
  at controllers.Application.<init>(Application.scala:28)
  at controllers.Application.class(Application.scala:28)
  while locating controllers.Application

1 error]]
	at play.api.http.HttpErrorHandlerExceptions$.throwableToUsefulException(HttpErrorHandler.scala:265) ~[play_2.11-2.4.6.jar:2.4.6]
	at play.api.http.DefaultHttpErrorHandler.onServerError(HttpErrorHandler.scala:191) ~[play_2.11-2.4.6.jar:2.4.6]
	at play.core.server.Server$class.logExceptionAndGetResult$1(Server.scala:50) [play-server_2.11-2.4.6.jar:2.4.6]
	at play.core.server.Server$$anonfun$getHandlerFor$4.apply(Server.scala:59) [play-server_2.11-2.4.6.jar:2.4.6]
	at play.core.server.Server$$anonfun$getHandlerFor$4.apply(Server.scala:57) [play-server_2.11-2.4.6.jar:2.4.6]
	at scala.util.Either$RightProjection.flatMap(Either.scala:522) [scala-library-2.11.8.jar:na]
	at play.core.server.Server$class.getHandlerFor(Server.scala:57) [play-server_2.11-2.4.6.jar:2.4.6]
	at play.core.server.NettyServer.getHandlerFor(NettyServer.scala:33) [play-netty-server_2.11-2.4.6.jar:2.4.6]
	at play.core.server.netty.PlayDefaultUpstreamHandler$$anonfun$8.apply(PlayDefaultUpstreamHandler.scala:132) [play-netty-server_2.11-2.4.6.jar:2.4.6]
	at play.core.server.netty.PlayDefaultUpstreamHandler$$anonfun$8.apply(PlayDefaultUpstreamHandler.scala:132) [play-netty-server_2.11-2.4.6.jar:2.4.6]
	at scala.util.Either.fold(Either.scala:99) [scala-library-2.11.8.jar:na]
	at play.core.server.netty.PlayDefaultUpstreamHandler.messageReceived(PlayDefaultUpstreamHandler.scala:120) [play-netty-server_2.11-2.4.6.jar:2.4.6]
	at org.jboss.netty.channel.SimpleChannelUpstreamHandler.handleUpstream(SimpleChannelUpstreamHandler.java:70) [netty-3.10.4.Final.jar:na]
	at org.jboss.netty.channel.DefaultChannelPipeline.sendUpstream(DefaultChannelPipeline.java:564) [netty-3.10.4.Final.jar:na]
	at org.jboss.netty.channel.DefaultChannelPipeline$DefaultChannelHandlerContext.sendUpstream(DefaultChannelPipeline.java:791) [netty-3.10.4.Final.jar:na]
	at com.typesafe.netty.http.pipelining.HttpPipeliningHandler.messageReceived(HttpPipeliningHandler.java:62) [netty-http-pipelining-1.1.4.jar:na]
	at org.jboss.netty.channel.SimpleChannelHandler.handleUpstream(SimpleChannelHandler.java:88) [netty-3.10.4.Final.jar:na]
	at org.jboss.netty.channel.DefaultChannelPipeline.sendUpstream(DefaultChannelPipeline.java:564) [netty-3.10.4.Final.jar:na]
	at org.jboss.netty.channel.DefaultChannelPipeline$DefaultChannelHandlerContext.sendUpstream(DefaultChannelPipeline.java:791) [netty-3.10.4.Final.jar:na]
	at org.jboss.netty.handler.logging.LoggingHandler.handleUpstream(LoggingHandler.java:332) [netty-3.10.4.Final.jar:na]
	at org.jboss.netty.channel.DefaultChannelPipeline.sendUpstream(DefaultChannelPipeline.java:564) [netty-3.10.4.Final.jar:na]
	at org.jboss.netty.channel.DefaultChannelPipeline$DefaultChannelHandlerContext.sendUpstream(DefaultChannelPipeline.java:791) [netty-3.10.4.Final.jar:na]
	at org.jboss.netty.handler.codec.http.HttpContentDecoder.messageReceived(HttpContentDecoder.java:108) [netty-3.10.4.Final.jar:na]
	at org.jboss.netty.channel.SimpleChannelUpstreamHandler.handleUpstream(SimpleChannelUpstreamHandler.java:70) [netty-3.10.4.Final.jar:na]
	at org.jboss.netty.channel.DefaultChannelPipeline.sendUpstream(DefaultChannelPipeline.java:564) [netty-3.10.4.Final.jar:na]
	at org.jboss.netty.channel.DefaultChannelPipeline$DefaultChannelHandlerContext.sendUpstream(DefaultChannelPipeline.java:791) [netty-3.10.4.Final.jar:na]
	at org.jboss.netty.channel.Channels.fireMessageReceived(Channels.java:296) [netty-3.10.4.Final.jar:na]
	at org.jboss.netty.handler.codec.frame.FrameDecoder.unfoldAndFireMessageReceived(FrameDecoder.java:459) [netty-3.10.4.Final.jar:na]
	at org.jboss.netty.handler.codec.replay.ReplayingDecoder.callDecode(ReplayingDecoder.java:536) [netty-3.10.4.Final.jar:na]
	at org.jboss.netty.handler.codec.replay.ReplayingDecoder.messageReceived(ReplayingDecoder.java:435) [netty-3.10.4.Final.jar:na]
	at org.jboss.netty.channel.SimpleChannelUpstreamHandler.handleUpstream(SimpleChannelUpstreamHandler.java:70) [netty-3.10.4.Final.jar:na]
	at org.jboss.netty.channel.DefaultChannelPipeline.sendUpstream(DefaultChannelPipeline.java:564) [netty-3.10.4.Final.jar:na]
	at org.jboss.netty.channel.DefaultChannelPipeline.sendUpstream(DefaultChannelPipeline.java:559) [netty-3.10.4.Final.jar:na]
	at org.jboss.netty.channel.Channels.fireMessageReceived(Channels.java:268) [netty-3.10.4.Final.jar:na]
	at org.jboss.netty.channel.Channels.fireMessageReceived(Channels.java:255) [netty-3.10.4.Final.jar:na]
	at org.jboss.netty.channel.socket.nio.NioWorker.read(NioWorker.java:88) [netty-3.10.4.Final.jar:na]
	at org.jboss.netty.channel.socket.nio.AbstractNioWorker.process(AbstractNioWorker.java:108) [netty-3.10.4.Final.jar:na]
	at org.jboss.netty.channel.socket.nio.AbstractNioSelector.run(AbstractNioSelector.java:337) [netty-3.10.4.Final.jar:na]
	at org.jboss.netty.channel.socket.nio.AbstractNioWorker.run(AbstractNioWorker.java:89) [netty-3.10.4.Final.jar:na]
	at org.jboss.netty.channel.socket.nio.NioWorker.run(NioWorker.java:178) [netty-3.10.4.Final.jar:na]
	at org.jboss.netty.util.ThreadRenamingRunnable.run(ThreadRenamingRunnable.java:108) [netty-3.10.4.Final.jar:na]
	at org.jboss.netty.util.internal.DeadLockProofWorker$1.run(DeadLockProofWorker.java:42) [netty-3.10.4.Final.jar:na]
	at java.util.concurrent.ThreadPoolExecutor.runWorker(ThreadPoolExecutor.java:1149) [na:1.8.0_202]
	at java.util.concurrent.ThreadPoolExecutor$Worker.run(ThreadPoolExecutor.java:624) [na:1.8.0_202]
	at java.lang.Thread.run(Thread.java:748) [na:1.8.0_202]
Caused by: com.google.inject.ProvisionException: Unable to provision, see the following errors:

1) Error injecting constructor, java.lang.IllegalArgumentException: no matching constructor found on class org.sample.analytics.api.service.HealthCheckAPIService for arguments []
  at controllers.Application.<init>(Application.scala:28)
  at controllers.Application.class(Application.scala:28)
  while locating controllers.Application

1 error
	at com.google.inject.internal.InjectorImpl$2.get(InjectorImpl.java:1025) ~[guice-4.0.jar:na]
	at com.google.inject.internal.InjectorImpl.getInstance(InjectorImpl.java:1051) ~[guice-4.0.jar:na]
	at play.api.inject.guice.GuiceInjector.instanceOf(GuiceInjectorBuilder.scala:321) ~[play_2.11-2.4.6.jar:2.4.6]
	at router.Routes$$anonfun$routes$1$$anonfun$applyOrElse$1$$anonfun$apply$3.apply(Routes.scala:71) ~[classes/:na]
	at router.Routes$$anonfun$routes$1$$anonfun$applyOrElse$1$$anonfun$apply$3.apply(Routes.scala:71) ~[classes/:na]
	at play.core.routing.HandlerInvokerFactory$$anon$12$$anon$13.call(HandlerInvoker.scala:89) ~[play_2.11-2.4.6.jar:2.4.6]
	at play.core.routing.TaggingInvoker.call(HandlerInvoker.scala:32) ~[play_2.11-2.4.6.jar:2.4.6]
	at router.Routes$$anonfun$routes$1$$anonfun$applyOrElse$1.apply(Routes.scala:71) ~[classes/:na]
	at router.Routes$$anonfun$routes$1$$anonfun$applyOrElse$1.apply(Routes.scala:71) ~[classes/:na]
	at play.core.routing.GeneratedRouter.call(GeneratedRouter.scala:95) ~[play_2.11-2.4.6.jar:2.4.6]
	at router.Routes$$anonfun$routes$1.applyOrElse(Routes.scala:70) ~[classes/:na]
	at router.Routes$$anonfun$routes$1.applyOrElse(Routes.scala:66) ~[classes/:na]
	at scala.PartialFunction$Lifted.apply(PartialFunction.scala:223) ~[scala-library-2.11.8.jar:na]
	at scala.PartialFunction$Lifted.apply(PartialFunction.scala:219) ~[scala-library-2.11.8.jar:na]
	at play.api.routing.Router$class.handlerFor(Router.scala:38) ~[play_2.11-2.4.6.jar:2.4.6]
	at play.core.routing.GeneratedRouter.handlerFor(GeneratedRouter.scala:86) ~[play_2.11-2.4.6.jar:2.4.6]
	at play.api.http.DefaultHttpRequestHandler.routeRequest(HttpRequestHandler.scala:170) ~[play_2.11-2.4.6.jar:2.4.6]
	at play.api.http.JavaCompatibleHttpRequestHandler.routeRequest(HttpRequestHandler.scala:201) ~[play_2.11-2.4.6.jar:2.4.6]
	at play.api.GlobalSettings$$anonfun$onRouteRequest$1.apply(GlobalSettings.scala:166) ~[play_2.11-2.4.6.jar:2.4.6]
	at play.api.GlobalSettings$$anonfun$onRouteRequest$1.apply(GlobalSettings.scala:165) ~[play_2.11-2.4.6.jar:2.4.6]
	at scala.Option.flatMap(Option.scala:171) ~[scala-library-2.11.8.jar:na]
	at play.api.GlobalSettings$class.onRouteRequest(GlobalSettings.scala:165) ~[play_2.11-2.4.6.jar:2.4.6]
	at play.api.DefaultGlobal$.onRouteRequest(GlobalSettings.scala:212) ~[play_2.11-2.4.6.jar:2.4.6]
	at play.api.GlobalSettings$class.onRequestReceived(GlobalSettings.scala:110) ~[play_2.11-2.4.6.jar:2.4.6]
	at play.api.DefaultGlobal$.onRequestReceived(GlobalSettings.scala:212) ~[play_2.11-2.4.6.jar:2.4.6]
	at play.api.http.GlobalSettingsHttpRequestHandler.handlerForRequest(HttpRequestHandler.scala:183) ~[play_2.11-2.4.6.jar:2.4.6]
	at play.core.server.Server$$anonfun$sendHandler$1$1.apply(Server.scala:38) ~[play-server_2.11-2.4.6.jar:2.4.6]
	at play.core.server.Server$$anonfun$sendHandler$1$1.apply(Server.scala:37) ~[play-server_2.11-2.4.6.jar:2.4.6]
	at scala.util.Success$$anonfun$map$1.apply(Try.scala:237) ~[scala-library-2.11.8.jar:na]
	at scala.util.Try$.apply(Try.scala:192) ~[scala-library-2.11.8.jar:na]
	at scala.util.Success.map(Try.scala:237) ~[scala-library-2.11.8.jar:na]
	at play.core.server.Server$class.sendHandler$1(Server.scala:37) [play-server_2.11-2.4.6.jar:2.4.6]
	at play.core.server.Server$$anonfun$getHandlerFor$4.apply(Server.scala:58) [play-server_2.11-2.4.6.jar:2.4.6]
	... 41 common frames omitted
Caused by: java.lang.IllegalArgumentException: no matching constructor found on class org.sample.analytics.api.service.HealthCheckAPIService for arguments []
	at akka.util.Reflect$.error$1(Reflect.scala:81) ~[akka-actor_2.11-2.4.9.jar:na]
	at akka.util.Reflect$.findConstructor(Reflect.scala:105) ~[akka-actor_2.11-2.4.9.jar:na]
	at akka.actor.NoArgsReflectConstructor.<init>(IndirectActorProducer.scala:103) ~[akka-actor_2.11-2.4.9.jar:na]
	at akka.actor.IndirectActorProducer$.apply(IndirectActorProducer.scala:60) ~[akka-actor_2.11-2.4.9.jar:na]
	at akka.actor.Props.producer(Props.scala:131) ~[akka-actor_2.11-2.4.9.jar:na]
	at akka.actor.Props.<init>(Props.scala:144) ~[akka-actor_2.11-2.4.9.jar:na]
	at akka.actor.Props$.apply(Props.scala:62) ~[akka-actor_2.11-2.4.9.jar:na]
	at controllers.Application.<init>(Application.scala:32) ~[classes/:na]
	at controllers.Application$$FastClassByGuice$$b5b6aa19.newInstance(<generated>) ~[guice-4.0.jar:na]
	at com.google.inject.internal.cglib.reflect.$FastConstructor.newInstance(FastConstructor.java:40) ~[guice-4.0.jar:na]
	at com.google.inject.internal.DefaultConstructionProxyFactory$1.newInstance(DefaultConstructionProxyFactory.java:61) ~[guice-4.0.jar:na]
	at com.google.inject.internal.ConstructorInjector.provision(ConstructorInjector.java:105) ~[guice-4.0.jar:na]
	at com.google.inject.internal.ConstructorInjector.construct(ConstructorInjector.java:85) ~[guice-4.0.jar:na]
	at com.google.inject.internal.ConstructorBindingImpl$Factory.get(ConstructorBindingImpl.java:267) ~[guice-4.0.jar:na]
	at com.google.inject.internal.ProviderToInternalFactoryAdapter$1.call(ProviderToInternalFactoryAdapter.java:46) ~[guice-4.0.jar:na]
	at com.google.inject.internal.InjectorImpl.callInContext(InjectorImpl.java:1103) ~[guice-4.0.jar:na]
	at com.google.inject.internal.ProviderToInternalFactoryAdapter.get(ProviderToInternalFactoryAdapter.java:40) ~[guice-4.0.jar:na]
	at com.google.inject.internal.SingletonScope$1.get(SingletonScope.java:145) ~[guice-4.0.jar:na]
	at com.google.inject.internal.InternalFactoryToProviderAdapter.get(InternalFactoryToProviderAdapter.java:41) ~[guice-4.0.jar:na]
	at com.google.inject.internal.InjectorImpl$2$1.call(InjectorImpl.java:1016) ~[guice-4.0.jar:na]
	at com.google.inject.internal.InjectorImpl.callInContext(InjectorImpl.java:1092) ~[guice-4.0.jar:na]
	at com.google.inject.internal.InjectorImpl$2.get(InjectorImpl.java:1012) ~[guice-4.0.jar:na]
	... 73 common frames omitted
2019-08-12 15:43:25,665 [WARN] from application in main - Logger configuration in conf files is deprecated and has no effect. Use a logback configuration file instead.
2019-08-12 15:43:26,317 [INFO] from play.api.Play in main - Application started (Prod)
2019-08-12 15:43:26,433 [INFO] from play.core.server.NettyServer in main - Listening for HTTP on /0:0:0:0:0:0:0:0:9000
2019-08-12 15:44:53,235 [ERROR] from application in New I/O worker #2 - 

! @7co1h53m0 - Internal server error, for (GET) [/health] ->
 
play.api.http.HttpErrorHandlerExceptions$$anon$1: Execution exception[[ProvisionException: Unable to provision, see the following errors:

1) Error injecting constructor, java.lang.IllegalArgumentException: no matching constructor found on class org.sample.analytics.api.service.HealthCheckAPIService for arguments []
  at controllers.Application.<init>(Application.scala:28)
  at controllers.Application.class(Application.scala:28)
  while locating controllers.Application

1 error]]
	at play.api.http.HttpErrorHandlerExceptions$.throwableToUsefulException(HttpErrorHandler.scala:265) ~[play_2.11-2.4.6.jar:2.4.6]
	at play.api.http.DefaultHttpErrorHandler.onServerError(HttpErrorHandler.scala:191) ~[play_2.11-2.4.6.jar:2.4.6]
	at play.core.server.Server$class.logExceptionAndGetResult$1(Server.scala:50) [play-server_2.11-2.4.6.jar:2.4.6]
	at play.core.server.Server$$anonfun$getHandlerFor$4.apply(Server.scala:59) [play-server_2.11-2.4.6.jar:2.4.6]
	at play.core.server.Server$$anonfun$getHandlerFor$4.apply(Server.scala:57) [play-server_2.11-2.4.6.jar:2.4.6]
	at scala.util.Either$RightProjection.flatMap(Either.scala:522) [scala-library-2.11.8.jar:na]
	at play.core.server.Server$class.getHandlerFor(Server.scala:57) [play-server_2.11-2.4.6.jar:2.4.6]
	at play.core.server.NettyServer.getHandlerFor(NettyServer.scala:33) [play-netty-server_2.11-2.4.6.jar:2.4.6]
	at play.core.server.netty.PlayDefaultUpstreamHandler$$anonfun$8.apply(PlayDefaultUpstreamHandler.scala:132) [play-netty-server_2.11-2.4.6.jar:2.4.6]
	at play.core.server.netty.PlayDefaultUpstreamHandler$$anonfun$8.apply(PlayDefaultUpstreamHandler.scala:132) [play-netty-server_2.11-2.4.6.jar:2.4.6]
	at scala.util.Either.fold(Either.scala:99) [scala-library-2.11.8.jar:na]
	at play.core.server.netty.PlayDefaultUpstreamHandler.messageReceived(PlayDefaultUpstreamHandler.scala:120) [play-netty-server_2.11-2.4.6.jar:2.4.6]
	at org.jboss.netty.channel.SimpleChannelUpstreamHandler.handleUpstream(SimpleChannelUpstreamHandler.java:70) [netty-3.10.4.Final.jar:na]
	at org.jboss.netty.channel.DefaultChannelPipeline.sendUpstream(DefaultChannelPipeline.java:564) [netty-3.10.4.Final.jar:na]
	at org.jboss.netty.channel.DefaultChannelPipeline$DefaultChannelHandlerContext.sendUpstream(DefaultChannelPipeline.java:791) [netty-3.10.4.Final.jar:na]
	at com.typesafe.netty.http.pipelining.HttpPipeliningHandler.messageReceived(HttpPipeliningHandler.java:62) [netty-http-pipelining-1.1.4.jar:na]
	at org.jboss.netty.channel.SimpleChannelHandler.handleUpstream(SimpleChannelHandler.java:88) [netty-3.10.4.Final.jar:na]
	at org.jboss.netty.channel.DefaultChannelPipeline.sendUpstream(DefaultChannelPipeline.java:564) [netty-3.10.4.Final.jar:na]
	at org.jboss.netty.channel.DefaultChannelPipeline$DefaultChannelHandlerContext.sendUpstream(DefaultChannelPipeline.java:791) [netty-3.10.4.Final.jar:na]
	at org.jboss.netty.handler.logging.LoggingHandler.handleUpstream(LoggingHandler.java:332) [netty-3.10.4.Final.jar:na]
	at org.jboss.netty.channel.DefaultChannelPipeline.sendUpstream(DefaultChannelPipeline.java:564) [netty-3.10.4.Final.jar:na]
	at org.jboss.netty.channel.DefaultChannelPipeline$DefaultChannelHandlerContext.sendUpstream(DefaultChannelPipeline.java:791) [netty-3.10.4.Final.jar:na]
	at org.jboss.netty.handler.codec.http.HttpContentDecoder.messageReceived(HttpContentDecoder.java:108) [netty-3.10.4.Final.jar:na]
	at org.jboss.netty.channel.SimpleChannelUpstreamHandler.handleUpstream(SimpleChannelUpstreamHandler.java:70) [netty-3.10.4.Final.jar:na]
	at org.jboss.netty.channel.DefaultChannelPipeline.sendUpstream(DefaultChannelPipeline.java:564) [netty-3.10.4.Final.jar:na]
	at org.jboss.netty.channel.DefaultChannelPipeline$DefaultChannelHandlerContext.sendUpstream(DefaultChannelPipeline.java:791) [netty-3.10.4.Final.jar:na]
	at org.jboss.netty.channel.Channels.fireMessageReceived(Channels.java:296) [netty-3.10.4.Final.jar:na]
	at org.jboss.netty.handler.codec.frame.FrameDecoder.unfoldAndFireMessageReceived(FrameDecoder.java:459) [netty-3.10.4.Final.jar:na]
	at org.jboss.netty.handler.codec.replay.ReplayingDecoder.callDecode(ReplayingDecoder.java:536) [netty-3.10.4.Final.jar:na]
	at org.jboss.netty.handler.codec.replay.ReplayingDecoder.messageReceived(ReplayingDecoder.java:435) [netty-3.10.4.Final.jar:na]
	at org.jboss.netty.channel.SimpleChannelUpstreamHandler.handleUpstream(SimpleChannelUpstreamHandler.java:70) [netty-3.10.4.Final.jar:na]
	at org.jboss.netty.channel.DefaultChannelPipeline.sendUpstream(DefaultChannelPipeline.java:564) [netty-3.10.4.Final.jar:na]
	at org.jboss.netty.channel.DefaultChannelPipeline.sendUpstream(DefaultChannelPipeline.java:559) [netty-3.10.4.Final.jar:na]
	at org.jboss.netty.channel.Channels.fireMessageReceived(Channels.java:268) [netty-3.10.4.Final.jar:na]
	at org.jboss.netty.channel.Channels.fireMessageReceived(Channels.java:255) [netty-3.10.4.Final.jar:na]
	at org.jboss.netty.channel.socket.nio.NioWorker.read(NioWorker.java:88) [netty-3.10.4.Final.jar:na]
	at org.jboss.netty.channel.socket.nio.AbstractNioWorker.process(AbstractNioWorker.java:108) [netty-3.10.4.Final.jar:na]
	at org.jboss.netty.channel.socket.nio.AbstractNioSelector.run(AbstractNioSelector.java:337) [netty-3.10.4.Final.jar:na]
	at org.jboss.netty.channel.socket.nio.AbstractNioWorker.run(AbstractNioWorker.java:89) [netty-3.10.4.Final.jar:na]
	at org.jboss.netty.channel.socket.nio.NioWorker.run(NioWorker.java:178) [netty-3.10.4.Final.jar:na]
	at org.jboss.netty.util.ThreadRenamingRunnable.run(ThreadRenamingRunnable.java:108) [netty-3.10.4.Final.jar:na]
	at org.jboss.netty.util.internal.DeadLockProofWorker$1.run(DeadLockProofWorker.java:42) [netty-3.10.4.Final.jar:na]
	at java.util.concurrent.ThreadPoolExecutor.runWorker(ThreadPoolExecutor.java:1149) [na:1.8.0_202]
	at java.util.concurrent.ThreadPoolExecutor$Worker.run(ThreadPoolExecutor.java:624) [na:1.8.0_202]
	at java.lang.Thread.run(Thread.java:748) [na:1.8.0_202]
Caused by: com.google.inject.ProvisionException: Unable to provision, see the following errors:

1) Error injecting constructor, java.lang.IllegalArgumentException: no matching constructor found on class org.sample.analytics.api.service.HealthCheckAPIService for arguments []
  at controllers.Application.<init>(Application.scala:28)
  at controllers.Application.class(Application.scala:28)
  while locating controllers.Application

1 error
	at com.google.inject.internal.InjectorImpl$2.get(InjectorImpl.java:1025) ~[guice-4.0.jar:na]
	at com.google.inject.internal.InjectorImpl.getInstance(InjectorImpl.java:1051) ~[guice-4.0.jar:na]
	at play.api.inject.guice.GuiceInjector.instanceOf(GuiceInjectorBuilder.scala:321) ~[play_2.11-2.4.6.jar:2.4.6]
	at router.Routes$$anonfun$routes$1$$anonfun$applyOrElse$1$$anonfun$apply$3.apply(Routes.scala:71) ~[classes/:na]
	at router.Routes$$anonfun$routes$1$$anonfun$applyOrElse$1$$anonfun$apply$3.apply(Routes.scala:71) ~[classes/:na]
	at play.core.routing.HandlerInvokerFactory$$anon$12$$anon$13.call(HandlerInvoker.scala:89) ~[play_2.11-2.4.6.jar:2.4.6]
	at play.core.routing.TaggingInvoker.call(HandlerInvoker.scala:32) ~[play_2.11-2.4.6.jar:2.4.6]
	at router.Routes$$anonfun$routes$1$$anonfun$applyOrElse$1.apply(Routes.scala:71) ~[classes/:na]
	at router.Routes$$anonfun$routes$1$$anonfun$applyOrElse$1.apply(Routes.scala:71) ~[classes/:na]
	at play.core.routing.GeneratedRouter.call(GeneratedRouter.scala:95) ~[play_2.11-2.4.6.jar:2.4.6]
	at router.Routes$$anonfun$routes$1.applyOrElse(Routes.scala:70) ~[classes/:na]
	at router.Routes$$anonfun$routes$1.applyOrElse(Routes.scala:66) ~[classes/:na]
	at scala.PartialFunction$Lifted.apply(PartialFunction.scala:223) ~[scala-library-2.11.8.jar:na]
	at scala.PartialFunction$Lifted.apply(PartialFunction.scala:219) ~[scala-library-2.11.8.jar:na]
	at play.api.routing.Router$class.handlerFor(Router.scala:38) ~[play_2.11-2.4.6.jar:2.4.6]
	at play.core.routing.GeneratedRouter.handlerFor(GeneratedRouter.scala:86) ~[play_2.11-2.4.6.jar:2.4.6]
	at play.api.http.DefaultHttpRequestHandler.routeRequest(HttpRequestHandler.scala:170) ~[play_2.11-2.4.6.jar:2.4.6]
	at play.api.http.JavaCompatibleHttpRequestHandler.routeRequest(HttpRequestHandler.scala:201) ~[play_2.11-2.4.6.jar:2.4.6]
	at play.api.GlobalSettings$$anonfun$onRouteRequest$1.apply(GlobalSettings.scala:166) ~[play_2.11-2.4.6.jar:2.4.6]
	at play.api.GlobalSettings$$anonfun$onRouteRequest$1.apply(GlobalSettings.scala:165) ~[play_2.11-2.4.6.jar:2.4.6]
	at scala.Option.flatMap(Option.scala:171) ~[scala-library-2.11.8.jar:na]
	at play.api.GlobalSettings$class.onRouteRequest(GlobalSettings.scala:165) ~[play_2.11-2.4.6.jar:2.4.6]
	at play.api.DefaultGlobal$.onRouteRequest(GlobalSettings.scala:212) ~[play_2.11-2.4.6.jar:2.4.6]
	at play.api.GlobalSettings$class.onRequestReceived(GlobalSettings.scala:110) ~[play_2.11-2.4.6.jar:2.4.6]
	at play.api.DefaultGlobal$.onRequestReceived(GlobalSettings.scala:212) ~[play_2.11-2.4.6.jar:2.4.6]
	at play.api.http.GlobalSettingsHttpRequestHandler.handlerForRequest(HttpRequestHandler.scala:183) ~[play_2.11-2.4.6.jar:2.4.6]
	at play.core.server.Server$$anonfun$sendHandler$1$1.apply(Server.scala:38) ~[play-server_2.11-2.4.6.jar:2.4.6]
	at play.core.server.Server$$anonfun$sendHandler$1$1.apply(Server.scala:37) ~[play-server_2.11-2.4.6.jar:2.4.6]
	at scala.util.Success$$anonfun$map$1.apply(Try.scala:237) ~[scala-library-2.11.8.jar:na]
	at scala.util.Try$.apply(Try.scala:192) ~[scala-library-2.11.8.jar:na]
	at scala.util.Success.map(Try.scala:237) ~[scala-library-2.11.8.jar:na]
	at play.core.server.Server$class.sendHandler$1(Server.scala:37) [play-server_2.11-2.4.6.jar:2.4.6]
	at play.core.server.Server$$anonfun$getHandlerFor$4.apply(Server.scala:58) [play-server_2.11-2.4.6.jar:2.4.6]
	... 41 common frames omitted
Caused by: java.lang.IllegalArgumentException: no matching constructor found on class org.sample.analytics.api.service.HealthCheckAPIService for arguments []
	at akka.util.Reflect$.error$1(Reflect.scala:81) ~[akka-actor_2.11-2.4.9.jar:na]
	at akka.util.Reflect$.findConstructor(Reflect.scala:105) ~[akka-actor_2.11-2.4.9.jar:na]
	at akka.actor.NoArgsReflectConstructor.<init>(IndirectActorProducer.scala:103) ~[akka-actor_2.11-2.4.9.jar:na]
	at akka.actor.IndirectActorProducer$.apply(IndirectActorProducer.scala:60) ~[akka-actor_2.11-2.4.9.jar:na]
	at akka.actor.Props.producer(Props.scala:131) ~[akka-actor_2.11-2.4.9.jar:na]
	at akka.actor.Props.<init>(Props.scala:144) ~[akka-actor_2.11-2.4.9.jar:na]
	at akka.actor.Props$.apply(Props.scala:62) ~[akka-actor_2.11-2.4.9.jar:na]
	at controllers.Application.<init>(Application.scala:32) ~[classes/:na]
	at controllers.Application$$FastClassByGuice$$b5b6aa19.newInstance(<generated>) ~[guice-4.0.jar:na]
	at com.google.inject.internal.cglib.reflect.$FastConstructor.newInstance(FastConstructor.java:40) ~[guice-4.0.jar:na]
	at com.google.inject.internal.DefaultConstructionProxyFactory$1.newInstance(DefaultConstructionProxyFactory.java:61) ~[guice-4.0.jar:na]
	at com.google.inject.internal.ConstructorInjector.provision(ConstructorInjector.java:105) ~[guice-4.0.jar:na]
	at com.google.inject.internal.ConstructorInjector.construct(ConstructorInjector.java:85) ~[guice-4.0.jar:na]
	at com.google.inject.internal.ConstructorBindingImpl$Factory.get(ConstructorBindingImpl.java:267) ~[guice-4.0.jar:na]
	at com.google.inject.internal.ProviderToInternalFactoryAdapter$1.call(ProviderToInternalFactoryAdapter.java:46) ~[guice-4.0.jar:na]
	at com.google.inject.internal.InjectorImpl.callInContext(InjectorImpl.java:1103) ~[guice-4.0.jar:na]
	at com.google.inject.internal.ProviderToInternalFactoryAdapter.get(ProviderToInternalFactoryAdapter.java:40) ~[guice-4.0.jar:na]
	at com.google.inject.internal.SingletonScope$1.get(SingletonScope.java:145) ~[guice-4.0.jar:na]
	at com.google.inject.internal.InternalFactoryToProviderAdapter.get(InternalFactoryToProviderAdapter.java:41) ~[guice-4.0.jar:na]
	at com.google.inject.internal.InjectorImpl$2$1.call(InjectorImpl.java:1016) ~[guice-4.0.jar:na]
	at com.google.inject.internal.InjectorImpl.callInContext(InjectorImpl.java:1092) ~[guice-4.0.jar:na]
	at com.google.inject.internal.InjectorImpl$2.get(InjectorImpl.java:1012) ~[guice-4.0.jar:na]
	... 73 common frames omitted
2019-08-12 16:00:11,651 [WARN] from application in main - Logger configuration in conf files is deprecated and has no effect. Use a logback configuration file instead.
2019-08-12 16:00:12,291 [INFO] from play.api.Play in main - Application started (Prod)
2019-08-12 16:00:12,389 [INFO] from play.core.server.NettyServer in main - Listening for HTTP on /0:0:0:0:0:0:0:0:9000
2019-08-12 16:00:30,158 [ERROR] from application in New I/O worker #2 - 

! @7co1j6bll - Internal server error, for (GET) [/health] ->
 
play.api.http.HttpErrorHandlerExceptions$$anon$1: Execution exception[[ConfigurationException: Guice configuration errors:

1) Could not find a suitable constructor in controllers.Application. Classes must have either one (and only one) constructor annotated with @Inject or a zero-argument constructor that is not private.
  at controllers.Application.class(Application.scala:29)
  while locating controllers.Application

1 error]]
	at play.api.http.HttpErrorHandlerExceptions$.throwableToUsefulException(HttpErrorHandler.scala:265) ~[play_2.11-2.4.6.jar:2.4.6]
	at play.api.http.DefaultHttpErrorHandler.onServerError(HttpErrorHandler.scala:191) ~[play_2.11-2.4.6.jar:2.4.6]
	at play.core.server.Server$class.logExceptionAndGetResult$1(Server.scala:50) [play-server_2.11-2.4.6.jar:2.4.6]
	at play.core.server.Server$$anonfun$getHandlerFor$4.apply(Server.scala:59) [play-server_2.11-2.4.6.jar:2.4.6]
	at play.core.server.Server$$anonfun$getHandlerFor$4.apply(Server.scala:57) [play-server_2.11-2.4.6.jar:2.4.6]
	at scala.util.Either$RightProjection.flatMap(Either.scala:522) [scala-library-2.11.8.jar:na]
	at play.core.server.Server$class.getHandlerFor(Server.scala:57) [play-server_2.11-2.4.6.jar:2.4.6]
	at play.core.server.NettyServer.getHandlerFor(NettyServer.scala:33) [play-netty-server_2.11-2.4.6.jar:2.4.6]
	at play.core.server.netty.PlayDefaultUpstreamHandler$$anonfun$8.apply(PlayDefaultUpstreamHandler.scala:132) [play-netty-server_2.11-2.4.6.jar:2.4.6]
	at play.core.server.netty.PlayDefaultUpstreamHandler$$anonfun$8.apply(PlayDefaultUpstreamHandler.scala:132) [play-netty-server_2.11-2.4.6.jar:2.4.6]
	at scala.util.Either.fold(Either.scala:99) [scala-library-2.11.8.jar:na]
	at play.core.server.netty.PlayDefaultUpstreamHandler.messageReceived(PlayDefaultUpstreamHandler.scala:120) [play-netty-server_2.11-2.4.6.jar:2.4.6]
	at org.jboss.netty.channel.SimpleChannelUpstreamHandler.handleUpstream(SimpleChannelUpstreamHandler.java:70) [netty-3.10.4.Final.jar:na]
	at org.jboss.netty.channel.DefaultChannelPipeline.sendUpstream(DefaultChannelPipeline.java:564) [netty-3.10.4.Final.jar:na]
	at org.jboss.netty.channel.DefaultChannelPipeline$DefaultChannelHandlerContext.sendUpstream(DefaultChannelPipeline.java:791) [netty-3.10.4.Final.jar:na]
	at com.typesafe.netty.http.pipelining.HttpPipeliningHandler.messageReceived(HttpPipeliningHandler.java:62) [netty-http-pipelining-1.1.4.jar:na]
	at org.jboss.netty.channel.SimpleChannelHandler.handleUpstream(SimpleChannelHandler.java:88) [netty-3.10.4.Final.jar:na]
	at org.jboss.netty.channel.DefaultChannelPipeline.sendUpstream(DefaultChannelPipeline.java:564) [netty-3.10.4.Final.jar:na]
	at org.jboss.netty.channel.DefaultChannelPipeline$DefaultChannelHandlerContext.sendUpstream(DefaultChannelPipeline.java:791) [netty-3.10.4.Final.jar:na]
	at org.jboss.netty.handler.logging.LoggingHandler.handleUpstream(LoggingHandler.java:332) [netty-3.10.4.Final.jar:na]
	at org.jboss.netty.channel.DefaultChannelPipeline.sendUpstream(DefaultChannelPipeline.java:564) [netty-3.10.4.Final.jar:na]
	at org.jboss.netty.channel.DefaultChannelPipeline$DefaultChannelHandlerContext.sendUpstream(DefaultChannelPipeline.java:791) [netty-3.10.4.Final.jar:na]
	at org.jboss.netty.handler.codec.http.HttpContentDecoder.messageReceived(HttpContentDecoder.java:108) [netty-3.10.4.Final.jar:na]
	at org.jboss.netty.channel.SimpleChannelUpstreamHandler.handleUpstream(SimpleChannelUpstreamHandler.java:70) [netty-3.10.4.Final.jar:na]
	at org.jboss.netty.channel.DefaultChannelPipeline.sendUpstream(DefaultChannelPipeline.java:564) [netty-3.10.4.Final.jar:na]
	at org.jboss.netty.channel.DefaultChannelPipeline$DefaultChannelHandlerContext.sendUpstream(DefaultChannelPipeline.java:791) [netty-3.10.4.Final.jar:na]
	at org.jboss.netty.channel.Channels.fireMessageReceived(Channels.java:296) [netty-3.10.4.Final.jar:na]
	at org.jboss.netty.handler.codec.frame.FrameDecoder.unfoldAndFireMessageReceived(FrameDecoder.java:459) [netty-3.10.4.Final.jar:na]
	at org.jboss.netty.handler.codec.replay.ReplayingDecoder.callDecode(ReplayingDecoder.java:536) [netty-3.10.4.Final.jar:na]
	at org.jboss.netty.handler.codec.replay.ReplayingDecoder.messageReceived(ReplayingDecoder.java:435) [netty-3.10.4.Final.jar:na]
	at org.jboss.netty.channel.SimpleChannelUpstreamHandler.handleUpstream(SimpleChannelUpstreamHandler.java:70) [netty-3.10.4.Final.jar:na]
	at org.jboss.netty.channel.DefaultChannelPipeline.sendUpstream(DefaultChannelPipeline.java:564) [netty-3.10.4.Final.jar:na]
	at org.jboss.netty.channel.DefaultChannelPipeline.sendUpstream(DefaultChannelPipeline.java:559) [netty-3.10.4.Final.jar:na]
	at org.jboss.netty.channel.Channels.fireMessageReceived(Channels.java:268) [netty-3.10.4.Final.jar:na]
	at org.jboss.netty.channel.Channels.fireMessageReceived(Channels.java:255) [netty-3.10.4.Final.jar:na]
	at org.jboss.netty.channel.socket.nio.NioWorker.read(NioWorker.java:88) [netty-3.10.4.Final.jar:na]
	at org.jboss.netty.channel.socket.nio.AbstractNioWorker.process(AbstractNioWorker.java:108) [netty-3.10.4.Final.jar:na]
	at org.jboss.netty.channel.socket.nio.AbstractNioSelector.run(AbstractNioSelector.java:337) [netty-3.10.4.Final.jar:na]
	at org.jboss.netty.channel.socket.nio.AbstractNioWorker.run(AbstractNioWorker.java:89) [netty-3.10.4.Final.jar:na]
	at org.jboss.netty.channel.socket.nio.NioWorker.run(NioWorker.java:178) [netty-3.10.4.Final.jar:na]
	at org.jboss.netty.util.ThreadRenamingRunnable.run(ThreadRenamingRunnable.java:108) [netty-3.10.4.Final.jar:na]
	at org.jboss.netty.util.internal.DeadLockProofWorker$1.run(DeadLockProofWorker.java:42) [netty-3.10.4.Final.jar:na]
	at java.util.concurrent.ThreadPoolExecutor.runWorker(ThreadPoolExecutor.java:1149) [na:1.8.0_202]
	at java.util.concurrent.ThreadPoolExecutor$Worker.run(ThreadPoolExecutor.java:624) [na:1.8.0_202]
	at java.lang.Thread.run(Thread.java:748) [na:1.8.0_202]
Caused by: com.google.inject.ConfigurationException: Guice configuration errors:

1) Could not find a suitable constructor in controllers.Application. Classes must have either one (and only one) constructor annotated with @Inject or a zero-argument constructor that is not private.
  at controllers.Application.class(Application.scala:29)
  while locating controllers.Application

1 error
	at com.google.inject.internal.InjectorImpl.getProvider(InjectorImpl.java:1042) ~[guice-4.0.jar:na]
	at com.google.inject.internal.InjectorImpl.getProvider(InjectorImpl.java:1001) ~[guice-4.0.jar:na]
	at com.google.inject.internal.InjectorImpl.getInstance(InjectorImpl.java:1051) ~[guice-4.0.jar:na]
	at play.api.inject.guice.GuiceInjector.instanceOf(GuiceInjectorBuilder.scala:321) ~[play_2.11-2.4.6.jar:2.4.6]
	at router.Routes$$anonfun$routes$1$$anonfun$applyOrElse$1$$anonfun$apply$3.apply(Routes.scala:71) ~[classes/:na]
	at router.Routes$$anonfun$routes$1$$anonfun$applyOrElse$1$$anonfun$apply$3.apply(Routes.scala:71) ~[classes/:na]
	at play.core.routing.HandlerInvokerFactory$$anon$12$$anon$13.call(HandlerInvoker.scala:89) ~[play_2.11-2.4.6.jar:2.4.6]
	at play.core.routing.TaggingInvoker.call(HandlerInvoker.scala:32) ~[play_2.11-2.4.6.jar:2.4.6]
	at router.Routes$$anonfun$routes$1$$anonfun$applyOrElse$1.apply(Routes.scala:71) ~[classes/:na]
	at router.Routes$$anonfun$routes$1$$anonfun$applyOrElse$1.apply(Routes.scala:71) ~[classes/:na]
	at play.core.routing.GeneratedRouter.call(GeneratedRouter.scala:95) ~[play_2.11-2.4.6.jar:2.4.6]
	at router.Routes$$anonfun$routes$1.applyOrElse(Routes.scala:70) ~[classes/:na]
	at router.Routes$$anonfun$routes$1.applyOrElse(Routes.scala:66) ~[classes/:na]
	at scala.PartialFunction$Lifted.apply(PartialFunction.scala:223) ~[scala-library-2.11.8.jar:na]
	at scala.PartialFunction$Lifted.apply(PartialFunction.scala:219) ~[scala-library-2.11.8.jar:na]
	at play.api.routing.Router$class.handlerFor(Router.scala:38) ~[play_2.11-2.4.6.jar:2.4.6]
	at play.core.routing.GeneratedRouter.handlerFor(GeneratedRouter.scala:86) ~[play_2.11-2.4.6.jar:2.4.6]
	at play.api.http.DefaultHttpRequestHandler.routeRequest(HttpRequestHandler.scala:170) ~[play_2.11-2.4.6.jar:2.4.6]
	at play.api.http.JavaCompatibleHttpRequestHandler.routeRequest(HttpRequestHandler.scala:201) ~[play_2.11-2.4.6.jar:2.4.6]
	at play.api.GlobalSettings$$anonfun$onRouteRequest$1.apply(GlobalSettings.scala:166) ~[play_2.11-2.4.6.jar:2.4.6]
	at play.api.GlobalSettings$$anonfun$onRouteRequest$1.apply(GlobalSettings.scala:165) ~[play_2.11-2.4.6.jar:2.4.6]
	at scala.Option.flatMap(Option.scala:171) ~[scala-library-2.11.8.jar:na]
	at play.api.GlobalSettings$class.onRouteRequest(GlobalSettings.scala:165) ~[play_2.11-2.4.6.jar:2.4.6]
	at play.api.DefaultGlobal$.onRouteRequest(GlobalSettings.scala:212) ~[play_2.11-2.4.6.jar:2.4.6]
	at play.api.GlobalSettings$class.onRequestReceived(GlobalSettings.scala:110) ~[play_2.11-2.4.6.jar:2.4.6]
	at play.api.DefaultGlobal$.onRequestReceived(GlobalSettings.scala:212) ~[play_2.11-2.4.6.jar:2.4.6]
	at play.api.http.GlobalSettingsHttpRequestHandler.handlerForRequest(HttpRequestHandler.scala:183) ~[play_2.11-2.4.6.jar:2.4.6]
	at play.core.server.Server$$anonfun$sendHandler$1$1.apply(Server.scala:38) ~[play-server_2.11-2.4.6.jar:2.4.6]
	at play.core.server.Server$$anonfun$sendHandler$1$1.apply(Server.scala:37) ~[play-server_2.11-2.4.6.jar:2.4.6]
	at scala.util.Success$$anonfun$map$1.apply(Try.scala:237) ~[scala-library-2.11.8.jar:na]
	at scala.util.Try$.apply(Try.scala:192) ~[scala-library-2.11.8.jar:na]
	at scala.util.Success.map(Try.scala:237) ~[scala-library-2.11.8.jar:na]
	at play.core.server.Server$class.sendHandler$1(Server.scala:37) [play-server_2.11-2.4.6.jar:2.4.6]
	at play.core.server.Server$$anonfun$getHandlerFor$4.apply(Server.scala:58) [play-server_2.11-2.4.6.jar:2.4.6]
	... 41 common frames omitted
2019-08-13 12:09:34,707 [WARN] from application in main - Logger configuration in conf files is deprecated and has no effect. Use a logback configuration file instead.
2019-08-13 12:09:35,428 [INFO] from play.api.Play in main - Application started (Prod)
2019-08-13 12:09:35,534 [INFO] from play.core.server.NettyServer in main - Listening for HTTP on /0:0:0:0:0:0:0:0:9000
2019-08-13 12:19:35,336 [WARN] from application in main - Logger configuration in conf files is deprecated and has no effect. Use a logback configuration file instead.
2019-08-13 12:19:35,892 [INFO] from play.api.Play in main - Application started (Prod)
2019-08-13 12:19:35,977 [INFO] from play.core.server.NettyServer in main - Listening for HTTP on /0:0:0:0:0:0:0:0:9000
2019-08-13 12:21:42,912 [WARN] from application in main - Logger configuration in conf files is deprecated and has no effect. Use a logback configuration file instead.
2019-08-13 12:21:43,430 [INFO] from play.api.Play in main - Application started (Prod)
2019-08-13 12:21:43,513 [INFO] from play.core.server.NettyServer in main - Listening for HTTP on /0:0:0:0:0:0:0:0:9000
2019-08-13 12:33:23,593 [WARN] from application in main - Logger configuration in conf files is deprecated and has no effect. Use a logback configuration file instead.
2019-08-13 12:33:24,205 [INFO] from play.api.Play in main - Application started (Prod)
2019-08-13 12:33:24,305 [INFO] from play.core.server.NettyServer in main - Listening for HTTP on /0:0:0:0:0:0:0:0:9000
